   1              		.cpu arm7tdmi
   2              		.fpu softvfp
   3              		.eabi_attribute 20, 1
   4              		.eabi_attribute 21, 1
   5              		.eabi_attribute 23, 3
   6              		.eabi_attribute 24, 1
   7              		.eabi_attribute 25, 1
   8              		.eabi_attribute 26, 1
   9              		.eabi_attribute 30, 6
  10              		.eabi_attribute 18, 4
  11              		.file	"lab9-efectos.c"
  21              	.Ltext0:
  22              		.file 1 "../lab9-efectos.c"
 1872              		.align	2
 1875              	triangle:
 1876 0000 0000     		.short	0
 1877 0002 6400     		.short	100
 1878 0004 C800     		.short	200
 1879 0006 2C01     		.short	300
 1880 0008 9001     		.short	400
 1881 000a F401     		.short	500
 1882 000c 5802     		.short	600
 1883 000e BC02     		.short	700
 1884 0010 2003     		.short	800
 1885 0012 8403     		.short	900
 1886 0014 2003     		.short	800
 1887 0016 BC02     		.short	700
 1888 0018 5802     		.short	600
 1889 001a F401     		.short	500
 1890 001c 9001     		.short	400
 1891 001e 2C01     		.short	300
 1892 0020 C800     		.short	200
 1893 0022 6400     		.short	100
 1894 0024 0000     		.short	0
 1895 0026 9CFF     		.short	-100
 1896 0028 38FF     		.short	-200
 1897 002a D4FE     		.short	-300
 1898 002c 70FE     		.short	-400
 1899 002e 0CFE     		.short	-500
 1900 0030 A8FD     		.short	-600
 1901 0032 44FD     		.short	-700
 1902 0034 E0FC     		.short	-800
 1903 0036 7CFC     		.short	-900
 1904 0038 E0FC     		.short	-800
 1905 003a 44FD     		.short	-700
 1906 003c A8FD     		.short	-600
 1907 003e 0CFE     		.short	-500
 1908 0040 70FE     		.short	-400
 1909 0042 D4FE     		.short	-300
 1910 0044 38FF     		.short	-200
 1911 0046 9CFF     		.short	-100
 1912              		.global	square
 1913              		.align	2
 1916              	square:
 1917 0048 8403     		.short	900
 1918 004a 8403     		.short	900
 1919 004c 8403     		.short	900
 1920 004e 8403     		.short	900
 1921 0050 8403     		.short	900
 1922 0052 8403     		.short	900
 1923 0054 8403     		.short	900
 1924 0056 8403     		.short	900
 1925 0058 8403     		.short	900
 1926 005a 8403     		.short	900
 1927 005c 8403     		.short	900
 1928 005e 8403     		.short	900
 1929 0060 8403     		.short	900
 1930 0062 8403     		.short	900
 1931 0064 8403     		.short	900
 1932 0066 8403     		.short	900
 1933 0068 8403     		.short	900
 1934 006a 8403     		.short	900
 1935 006c 7CFC     		.short	-900
 1936 006e 7CFC     		.short	-900
 1937 0070 7CFC     		.short	-900
 1938 0072 7CFC     		.short	-900
 1939 0074 7CFC     		.short	-900
 1940 0076 7CFC     		.short	-900
 1941 0078 7CFC     		.short	-900
 1942 007a 7CFC     		.short	-900
 1943 007c 7CFC     		.short	-900
 1944 007e 7CFC     		.short	-900
 1945 0080 7CFC     		.short	-900
 1946 0082 7CFC     		.short	-900
 1947 0084 7CFC     		.short	-900
 1948 0086 7CFC     		.short	-900
 1949 0088 7CFC     		.short	-900
 1950 008a 7CFC     		.short	-900
 1951 008c 7CFC     		.short	-900
 1952 008e 7CFC     		.short	-900
 1953              		.global	sine
 1954              		.align	2
 1957              	sine:
 1958 0090 0000     		.short	0
 1959 0092 9C00     		.short	156
 1960 0094 3401     		.short	308
 1961 0096 C201     		.short	450
 1962 0098 4302     		.short	579
 1963 009a B102     		.short	689
 1964 009c 0B03     		.short	779
 1965 009e 4E03     		.short	846
 1966 00a0 7603     		.short	886
 1967 00a2 8403     		.short	900
 1968 00a4 7603     		.short	886
 1969 00a6 4E03     		.short	846
 1970 00a8 0B03     		.short	779
 1971 00aa B102     		.short	689
 1972 00ac 4302     		.short	579
 1973 00ae C201     		.short	450
 1974 00b0 3401     		.short	308
 1975 00b2 9C00     		.short	156
 1976 00b4 0000     		.short	0
 1977 00b6 64FF     		.short	-156
 1978 00b8 CCFE     		.short	-308
 1979 00ba 3EFE     		.short	-450
 1980 00bc BDFD     		.short	-579
 1981 00be 4FFD     		.short	-689
 1982 00c0 F5FC     		.short	-779
 1983 00c2 B2FC     		.short	-846
 1984 00c4 8AFC     		.short	-886
 1985 00c6 7CFC     		.short	-900
 1986 00c8 8AFC     		.short	-886
 1987 00ca B2FC     		.short	-846
 1988 00cc F5FC     		.short	-779
 1989 00ce 4FFD     		.short	-689
 1990 00d0 BDFD     		.short	-579
 1991 00d2 3EFE     		.short	-450
 1992 00d4 CCFE     		.short	-308
 1993 00d6 64FF     		.short	-156
 1994              		.section	.rodata
 1995              		.align	2
 1996              	.LC0:
 1997 0000 0A0A5265 		.ascii	"\012\012Reproducci\363n de sonido tabulado (LA cent"
 1997      70726F64 
 1997      75636369 
 1997      F36E2064 
 1997      6520736F 
 1998 002a 72616C20 		.ascii	"ral 440 Hz)\012\000"
 1998      34343020 
 1998      487A290A 
 1998      00
 1999 0037 00       		.align	2
 2000              	.LC1:
 2001 0038 28706172 		.ascii	"(para finalizar presione cualquier tecla)\012\000"
 2001      61206669 
 2001      6E616C69 
 2001      7A617220 
 2001      70726573 
 2002 0063 00       		.align	2
 2003              	.LC2:
 2004 0064 20202D20 		.ascii	"  - Sinusoide: escuche... \000"
 2004      53696E75 
 2004      736F6964 
 2004      653A2065 
 2004      73637563 
 2005 007f 00       		.align	2
 2006              	.LC3:
 2007 0080 4F4B0A00 		.ascii	"OK\012\000"
 2008              		.align	2
 2009              	.LC4:
 2010 0084 20202D20 		.ascii	"  - Onda cuadrada: escuche... \000"
 2010      4F6E6461 
 2010      20637561 
 2010      64726164 
 2010      613A2065 
 2011 00a3 00       		.align	2
 2012              	.LC5:
 2013 00a4 20202D20 		.ascii	"  - Onda triangular: escuche... \000"
 2013      4F6E6461 
 2013      20747269 
 2013      616E6775 
 2013      6C61723A 
 2014 00c5 000000   		.align	2
 2015              	.LC6:
 2016 00c8 0A456665 		.ascii	"\012Efectos de audio (dominio temporal)\012\000"
 2016      63746F73 
 2016      20646520 
 2016      61756469 
 2016      6F202864 
 2017 00ee 0000     		.align	2
 2018              	.LC7:
 2019 00f0 20202D20 		.ascii	"  - Grabacion: hable mientras los 7 segmentos est\351"
 2019      47726162 
 2019      6163696F 
 2019      6E3A2068 
 2019      61626C65 
 2020 0122 6E20656E 		.ascii	"n encendidos... \000"
 2020      63656E64 
 2020      69646F73 
 2020      2E2E2E20 
 2020      00
 2021 0133 00       		.align	2
 2022              	.LC8:
 2023 0134 20202D20 		.ascii	"  - Reproducci\363n a velocidad normal: escuche... "
 2023      52657072 
 2023      6F647563 
 2023      6369F36E 
 2023      20612076 
 2024 0164 00       		.ascii	"\000"
 2025 0165 000000   		.align	2
 2026              	.LC9:
 2027 0168 20202D20 		.ascii	"  - Reproducci\363n a media velocidad: escuche... \000"
 2027      52657072 
 2027      6F647563 
 2027      6369F36E 
 2027      2061206D 
 2028              		.align	2
 2029              	.LC10:
 2030 0198 20202D20 		.ascii	"  - Reproducci\363n a doble velocidad: escuche... \000"
 2030      52657072 
 2030      6F647563 
 2030      6369F36E 
 2030      20612064 
 2031              		.align	2
 2032              	.LC11:
 2033 01c8 20202D20 		.ascii	"  - Reproducci\363n inversa: escuche... \000"
 2033      52657072 
 2033      6F647563 
 2033      6369F36E 
 2033      20696E76 
 2034 01ee 0000     		.align	2
 2035              	.LC12:
 2036 01f0 20202D20 		.ascii	"  - Loopback: hable y escuche... \000"
 2036      4C6F6F70 
 2036      6261636B 
 2036      3A206861 
 2036      626C6520 
 2037 0212 0000     		.align	2
 2038              	.LC13:
 2039 0214 20202D20 		.ascii	"  - Echo (8 ms): hable y escuche... \000"
 2039      4563686F 
 2039      20283820 
 2039      6D73293A 
 2039      20686162 
 2040 0239 000000   		.align	2
 2041              	.LC14:
 2042 023c 20202D20 		.ascii	"  - Echo (45 ms): hable y escuche... \000"
 2042      4563686F 
 2042      20283435 
 2042      206D7329 
 2042      3A206861 
 2043 0262 0000     		.align	2
 2044              	.LC15:
 2045 0264 20202D20 		.ascii	"  - Echo (85 ms): hable y escuche... \000"
 2045      4563686F 
 2045      20283835 
 2045      206D7329 
 2045      3A206861 
 2046 028a 0000     		.align	2
 2047              	.LC16:
 2048 028c 20202D20 		.ascii	"  - Echo (150 ms): hable y escuche... \000"
 2048      4563686F 
 2048      20283135 
 2048      30206D73 
 2048      293A2068 
 2049 02b3 00       		.align	2
 2050              	.LC17:
 2051 02b4 20202D20 		.ascii	"  - Echo & fade (1 s): hable y escuche... \000"
 2051      4563686F 
 2051      20262066 
 2051      61646520 
 2051      28312073 
 2052 02df 00       		.align	2
 2053              	.LC18:
 2054 02e0 20202D20 		.ascii	"  - Reverberaci\363n (echo & fade 100 ms): hable y "
 2054      52657665 
 2054      72626572 
 2054      616369F3 
 2054      6E202865 
 2055 0310 65736375 		.ascii	"escuche... \000"
 2055      6368652E 
 2055      2E2E2000 
 2056              		.text
 2057              		.align	2
 2058              		.global	main
 2060              	main:
 2061              	.LFB0:
   1:../lab9-efectos.c **** /*-------------------------------------------------------------------
   2:../lab9-efectos.c **** **
   3:../lab9-efectos.c **** **  Fichero:
   4:../lab9-efectos.c **** **    lab9-efectos.c  11/5/2014
   5:../lab9-efectos.c **** **
   6:../lab9-efectos.c **** **    (c) J.M. Mendias
   7:../lab9-efectos.c **** **    Programación de Sistemas y Dispositivos
   8:../lab9-efectos.c **** **    Facultad de Informática. Universidad Complutense de Madrid
   9:../lab9-efectos.c **** **
  10:../lab9-efectos.c **** **  Propósito:
  11:../lab9-efectos.c **** **    Test del laboratorio 9 (1a. parte)
  12:../lab9-efectos.c **** **
  13:../lab9-efectos.c **** **  Notas de diseño:
  14:../lab9-efectos.c **** **
  15:../lab9-efectos.c **** **-----------------------------------------------------------------*/
  16:../lab9-efectos.c **** 
  17:../lab9-efectos.c **** #include <s3c44b0x.h>
  18:../lab9-efectos.c **** #include <common_types.h>
  19:../lab9-efectos.c **** #include <system.h>
  20:../lab9-efectos.c **** #include <segs.h>
  21:../lab9-efectos.c **** #include <keypad.h>
  22:../lab9-efectos.c **** #include <uart.h>
  23:../lab9-efectos.c **** #include <uda1341ts.h>
  24:../lab9-efectos.c **** #include <iis.h>
  25:../lab9-efectos.c **** 
  26:../lab9-efectos.c **** #define AUDIOBUFFER_SIZE   (16000*10) // 16000sps * 10s = 160000 samples
  27:../lab9-efectos.c **** #define AUDIODELAY_MAXSIZE (16000*2)  // 16000sps * 2s  = 32000 samples
  28:../lab9-efectos.c **** #define WAVETABLE_SIZE     (36)       // 16000sps / 440wps (LA) = 36 samples/wave
  29:../lab9-efectos.c **** 
  30:../lab9-efectos.c **** typedef struct {
  31:../lab9-efectos.c **** 	int16 ch0[AUDIOBUFFER_SIZE];
  32:../lab9-efectos.c **** 	int16 ch1[AUDIOBUFFER_SIZE];
  33:../lab9-efectos.c **** } audiobuffer_t;
  34:../lab9-efectos.c **** 
  35:../lab9-efectos.c **** typedef struct {
  36:../lab9-efectos.c **** 	int16 ch0[AUDIODELAY_MAXSIZE];
  37:../lab9-efectos.c **** 	int16 ch1[AUDIODELAY_MAXSIZE];
  38:../lab9-efectos.c **** 	uint16 size;
  39:../lab9-efectos.c **** 	uint16 head;
  40:../lab9-efectos.c **** 	uint16 tail;
  41:../lab9-efectos.c **** } audiodelay_t;
  42:../lab9-efectos.c **** 
  43:../lab9-efectos.c **** audiobuffer_t buffer;
  44:../lab9-efectos.c **** audiodelay_t delay_buffer;
  45:../lab9-efectos.c **** 
  46:../lab9-efectos.c **** /*
  47:../lab9-efectos.c ****  * Tablas correspondientes a una onda de frecuencia 440 Hz (LA central) muestreada a 16000sps,
  48:../lab9-efectos.c ****  * el patron de valores se repite cada 36 = 16000/440 muestras.
  49:../lab9-efectos.c ****  *
  50:../lab9-efectos.c ****  * Las muestras del audio codec son de 16 bits y los valores de la tabla requieren solo 11 bits,
  51:../lab9-efectos.c ****  * por lo que la onda almacenada tiene un volumen bajo.
  52:../lab9-efectos.c ****  */
  53:../lab9-efectos.c **** 
  54:../lab9-efectos.c **** int16 triangle[WAVETABLE_SIZE] =
  55:../lab9-efectos.c **** {
  56:../lab9-efectos.c ****       0,  100,  200,  300,  400,  500,  600,  700,  800,  900,  800,  700,  600,  500,  400,  300, 
  57:../lab9-efectos.c ****       0, -100, -200, -300, -400, -500, -600, -700, -800, -900, -800, -700, -600, -500, -400, -300, 
  58:../lab9-efectos.c **** };
  59:../lab9-efectos.c **** 
  60:../lab9-efectos.c **** 
  61:../lab9-efectos.c **** int16 square[WAVETABLE_SIZE] =
  62:../lab9-efectos.c **** {
  63:../lab9-efectos.c **** 	900,  900,  900,  900,  900,  900,  900,  900,  900,  900,  900,  900,  900,  900,  900,  900,  90
  64:../lab9-efectos.c ****    -900, -900, -900, -900, -900, -900, -900, -900, -900, -900, -900, -900, -900, -900, -900, -900, 
  65:../lab9-efectos.c **** };
  66:../lab9-efectos.c **** 
  67:../lab9-efectos.c **** int16 sine[WAVETABLE_SIZE] =   // Calculado como sine[i] = 900 * sin(2*PI*i/36)
  68:../lab9-efectos.c **** {
  69:../lab9-efectos.c **** 	  0,  156,  308,  450,  579,  689,  779,  846,  886,  900,  886,  846,  779,  689,  579,  450,  30
  70:../lab9-efectos.c **** 	  0, -156, -308, -450, -579, -689, -779, -846, -886, -900, -886, -846, -779, -689, -579, -450, -30
  71:../lab9-efectos.c **** };
  72:../lab9-efectos.c **** 
  73:../lab9-efectos.c **** void audiodelay_init( audiodelay_t *buffer, uint16 size );
  74:../lab9-efectos.c **** void audiodelay_put( audiodelay_t *buffer, int16 ch0, int16 ch1 );
  75:../lab9-efectos.c **** void audiodelay_get( audiodelay_t *buffer, int16 *ch0, int16 *ch1 );
  76:../lab9-efectos.c **** 
  77:../lab9-efectos.c **** void main( void )
  78:../lab9-efectos.c **** {
 2062              		.loc 1 78 0
 2063              		.cfi_startproc
 2064              		@ Function supports interworking.
 2065              		@ args = 0, pretend = 0, frame = 16
 2066              		@ frame_needed = 1, uses_anonymous_args = 0
 2067 0000 0DC0A0E1 		mov	ip, sp
 2068              	.LCFI0:
 2069              		.cfi_def_cfa_register 12
 2070 0004 00D82DE9 		stmfd	sp!, {fp, ip, lr, pc}
 2071 0008 04B04CE2 		sub	fp, ip, #4
 2072              		.cfi_offset 14, -8
 2073              		.cfi_offset 13, -12
 2074              		.cfi_offset 11, -16
 2075              	.LCFI1:
 2076              		.cfi_def_cfa 11, 4
 2077 000c 10D04DE2 		sub	sp, sp, #16
  79:../lab9-efectos.c **** 	uint32 i;
  80:../lab9-efectos.c **** 	int16 ch0, ch1;
  81:../lab9-efectos.c **** 	int16 ch0_aux, ch1_aux;
  82:../lab9-efectos.c **** 
  83:../lab9-efectos.c **** 	sys_init();
 2078              		.loc 1 83 0
 2079 0010 FEFFFFEB 		bl	sys_init
  84:../lab9-efectos.c ****     uart0_init();
 2080              		.loc 1 84 0
 2081 0014 FEFFFFEB 		bl	uart0_init
  85:../lab9-efectos.c ****     segs_init();
 2082              		.loc 1 85 0
 2083 0018 FEFFFFEB 		bl	segs_init
  86:../lab9-efectos.c ****     keypad_init();
 2084              		.loc 1 86 0
 2085 001c FEFFFFEB 		bl	keypad_init
  87:../lab9-efectos.c ****     uda1341ts_init();
 2086              		.loc 1 87 0
 2087 0020 FEFFFFEB 		bl	uda1341ts_init
  88:../lab9-efectos.c ****     iis_init( IIS_POLLING );
 2088              		.loc 1 88 0
 2089 0024 0200A0E3 		mov	r0, #2
 2090 0028 FEFFFFEB 		bl	iis_init
  89:../lab9-efectos.c **** 
  90:../lab9-efectos.c ****     uda1341ts_setvol( VOL_MAX );
 2091              		.loc 1 90 0
 2092 002c 3F00A0E3 		mov	r0, #63
 2093 0030 FEFFFFEB 		bl	uda1341ts_setvol
  91:../lab9-efectos.c **** 
  92:../lab9-efectos.c ****     /************************************/
  93:../lab9-efectos.c **** 
  94:../lab9-efectos.c ****     uart0_puts( "\n\nReproducción de sonido tabulado (LA central 440 Hz)\n" );
 2094              		.loc 1 94 0
 2095 0034 4C0C9FE5 		ldr	r0, .L33
 2096 0038 FEFFFFEB 		bl	uart0_puts
  95:../lab9-efectos.c ****     uart0_puts( "(para finalizar presione cualquier tecla)\n" );
 2097              		.loc 1 95 0
 2098 003c 480C9FE5 		ldr	r0, .L33+4
 2099 0040 FEFFFFEB 		bl	uart0_puts
  96:../lab9-efectos.c **** 
  97:../lab9-efectos.c ****     /************************************/
  98:../lab9-efectos.c **** 
  99:../lab9-efectos.c ****     uart0_puts( "  - Sinusoide: escuche... " );
 2100              		.loc 1 99 0
 2101 0044 440C9FE5 		ldr	r0, .L33+8
 2102 0048 FEFFFFEB 		bl	uart0_puts
 100:../lab9-efectos.c ****     i = 0;
 2103              		.loc 1 100 0
 2104 004c 0030A0E3 		mov	r3, #0
 2105 0050 10300BE5 		str	r3, [fp, #-16]
 101:../lab9-efectos.c ****     while( !keypad_pressed() )
 2106              		.loc 1 101 0
 2107 0054 180000EA 		b	.L2
 2108              	.L3:
 102:../lab9-efectos.c ****     {
 103:../lab9-efectos.c ****      	iis_putSample( sine[i], sine[i] );
 2109              		.loc 1 103 0
 2110 0058 342C9FE5 		ldr	r2, .L33+12
 2111 005c 10301BE5 		ldr	r3, [fp, #-16]
 2112 0060 8330A0E1 		mov	r3, r3, asl #1
 2113 0064 033082E0 		add	r3, r2, r3
 2114 0068 B020D3E1 		ldrh	r2, [r3, #0]
 2115 006c 201C9FE5 		ldr	r1, .L33+12
 2116 0070 10301BE5 		ldr	r3, [fp, #-16]
 2117 0074 8330A0E1 		mov	r3, r3, asl #1
 2118 0078 033081E0 		add	r3, r1, r3
 2119 007c B030D3E1 		ldrh	r3, [r3, #0]
 2120 0080 0228A0E1 		mov	r2, r2, asl #16
 2121 0084 4228A0E1 		mov	r2, r2, asr #16
 2122 0088 0338A0E1 		mov	r3, r3, asl #16
 2123 008c 4338A0E1 		mov	r3, r3, asr #16
 2124 0090 0200A0E1 		mov	r0, r2
 2125 0094 0310A0E1 		mov	r1, r3
 2126 0098 FEFFFFEB 		bl	iis_putSample
 104:../lab9-efectos.c ****      	if( ++i > WAVETABLE_SIZE )
 2127              		.loc 1 104 0
 2128 009c 10301BE5 		ldr	r3, [fp, #-16]
 2129 00a0 013083E2 		add	r3, r3, #1
 2130 00a4 10300BE5 		str	r3, [fp, #-16]
 2131 00a8 10301BE5 		ldr	r3, [fp, #-16]
 2132 00ac 240053E3 		cmp	r3, #36
 2133 00b0 0100009A 		bls	.L2
 105:../lab9-efectos.c ****      		i = 0;
 2134              		.loc 1 105 0
 2135 00b4 0030A0E3 		mov	r3, #0
 2136 00b8 10300BE5 		str	r3, [fp, #-16]
 2137              	.L2:
 101:../lab9-efectos.c ****     while( !keypad_pressed() )
 2138              		.loc 1 101 0 discriminator 1
 2139 00bc FEFFFFEB 		bl	keypad_pressed
 2140 00c0 0030A0E1 		mov	r3, r0
 2141 00c4 000053E3 		cmp	r3, #0
 2142 00c8 E2FFFF0A 		beq	.L3
 106:../lab9-efectos.c ****     }
 107:../lab9-efectos.c ****     keypad_getchar();
 2143              		.loc 1 107 0
 2144 00cc FEFFFFEB 		bl	keypad_getchar
 108:../lab9-efectos.c ****     uart0_puts( "OK\n" );
 2145              		.loc 1 108 0
 2146 00d0 C00B9FE5 		ldr	r0, .L33+16
 2147 00d4 FEFFFFEB 		bl	uart0_puts
 109:../lab9-efectos.c **** 
 110:../lab9-efectos.c ****     /************************************/
 111:../lab9-efectos.c **** 
 112:../lab9-efectos.c ****     uart0_puts( "  - Onda cuadrada: escuche... " );
 2148              		.loc 1 112 0
 2149 00d8 BC0B9FE5 		ldr	r0, .L33+20
 2150 00dc FEFFFFEB 		bl	uart0_puts
 113:../lab9-efectos.c **** 	i = 0;
 2151              		.loc 1 113 0
 2152 00e0 0030A0E3 		mov	r3, #0
 2153 00e4 10300BE5 		str	r3, [fp, #-16]
 114:../lab9-efectos.c ****     while( !keypad_pressed() )
 2154              		.loc 1 114 0
 2155 00e8 180000EA 		b	.L4
 2156              	.L5:
 115:../lab9-efectos.c ****     {
 116:../lab9-efectos.c ****      	iis_putSample( square[i], square[i] );
 2157              		.loc 1 116 0
 2158 00ec AC2B9FE5 		ldr	r2, .L33+24
 2159 00f0 10301BE5 		ldr	r3, [fp, #-16]
 2160 00f4 8330A0E1 		mov	r3, r3, asl #1
 2161 00f8 033082E0 		add	r3, r2, r3
 2162 00fc B020D3E1 		ldrh	r2, [r3, #0]
 2163 0100 981B9FE5 		ldr	r1, .L33+24
 2164 0104 10301BE5 		ldr	r3, [fp, #-16]
 2165 0108 8330A0E1 		mov	r3, r3, asl #1
 2166 010c 033081E0 		add	r3, r1, r3
 2167 0110 B030D3E1 		ldrh	r3, [r3, #0]
 2168 0114 0228A0E1 		mov	r2, r2, asl #16
 2169 0118 4228A0E1 		mov	r2, r2, asr #16
 2170 011c 0338A0E1 		mov	r3, r3, asl #16
 2171 0120 4338A0E1 		mov	r3, r3, asr #16
 2172 0124 0200A0E1 		mov	r0, r2
 2173 0128 0310A0E1 		mov	r1, r3
 2174 012c FEFFFFEB 		bl	iis_putSample
 117:../lab9-efectos.c ****      	if( ++i > WAVETABLE_SIZE )
 2175              		.loc 1 117 0
 2176 0130 10301BE5 		ldr	r3, [fp, #-16]
 2177 0134 013083E2 		add	r3, r3, #1
 2178 0138 10300BE5 		str	r3, [fp, #-16]
 2179 013c 10301BE5 		ldr	r3, [fp, #-16]
 2180 0140 240053E3 		cmp	r3, #36
 2181 0144 0100009A 		bls	.L4
 118:../lab9-efectos.c ****      		i = 0;
 2182              		.loc 1 118 0
 2183 0148 0030A0E3 		mov	r3, #0
 2184 014c 10300BE5 		str	r3, [fp, #-16]
 2185              	.L4:
 114:../lab9-efectos.c ****     while( !keypad_pressed() )
 2186              		.loc 1 114 0 discriminator 1
 2187 0150 FEFFFFEB 		bl	keypad_pressed
 2188 0154 0030A0E1 		mov	r3, r0
 2189 0158 000053E3 		cmp	r3, #0
 2190 015c E2FFFF0A 		beq	.L5
 119:../lab9-efectos.c ****     }
 120:../lab9-efectos.c ****     keypad_getchar();
 2191              		.loc 1 120 0
 2192 0160 FEFFFFEB 		bl	keypad_getchar
 121:../lab9-efectos.c ****     uart0_puts( "OK\n" );
 2193              		.loc 1 121 0
 2194 0164 2C0B9FE5 		ldr	r0, .L33+16
 2195 0168 FEFFFFEB 		bl	uart0_puts
 122:../lab9-efectos.c **** 
 123:../lab9-efectos.c ****     /************************************/
 124:../lab9-efectos.c **** 
 125:../lab9-efectos.c ****     uart0_puts( "  - Onda triangular: escuche... " );
 2196              		.loc 1 125 0
 2197 016c 300B9FE5 		ldr	r0, .L33+28
 2198 0170 FEFFFFEB 		bl	uart0_puts
 126:../lab9-efectos.c ****     i = 0;
 2199              		.loc 1 126 0
 2200 0174 0030A0E3 		mov	r3, #0
 2201 0178 10300BE5 		str	r3, [fp, #-16]
 127:../lab9-efectos.c **** 	while( !keypad_pressed() )
 2202              		.loc 1 127 0
 2203 017c 180000EA 		b	.L6
 2204              	.L7:
 128:../lab9-efectos.c ****     {
 129:../lab9-efectos.c ****      	iis_putSample( triangle[i], triangle[i] );
 2205              		.loc 1 129 0
 2206 0180 202B9FE5 		ldr	r2, .L33+32
 2207 0184 10301BE5 		ldr	r3, [fp, #-16]
 2208 0188 8330A0E1 		mov	r3, r3, asl #1
 2209 018c 033082E0 		add	r3, r2, r3
 2210 0190 B020D3E1 		ldrh	r2, [r3, #0]
 2211 0194 0C1B9FE5 		ldr	r1, .L33+32
 2212 0198 10301BE5 		ldr	r3, [fp, #-16]
 2213 019c 8330A0E1 		mov	r3, r3, asl #1
 2214 01a0 033081E0 		add	r3, r1, r3
 2215 01a4 B030D3E1 		ldrh	r3, [r3, #0]
 2216 01a8 0228A0E1 		mov	r2, r2, asl #16
 2217 01ac 4228A0E1 		mov	r2, r2, asr #16
 2218 01b0 0338A0E1 		mov	r3, r3, asl #16
 2219 01b4 4338A0E1 		mov	r3, r3, asr #16
 2220 01b8 0200A0E1 		mov	r0, r2
 2221 01bc 0310A0E1 		mov	r1, r3
 2222 01c0 FEFFFFEB 		bl	iis_putSample
 130:../lab9-efectos.c ****      	if( ++i > WAVETABLE_SIZE )
 2223              		.loc 1 130 0
 2224 01c4 10301BE5 		ldr	r3, [fp, #-16]
 2225 01c8 013083E2 		add	r3, r3, #1
 2226 01cc 10300BE5 		str	r3, [fp, #-16]
 2227 01d0 10301BE5 		ldr	r3, [fp, #-16]
 2228 01d4 240053E3 		cmp	r3, #36
 2229 01d8 0100009A 		bls	.L6
 131:../lab9-efectos.c ****      		i = 0;
 2230              		.loc 1 131 0
 2231 01dc 0030A0E3 		mov	r3, #0
 2232 01e0 10300BE5 		str	r3, [fp, #-16]
 2233              	.L6:
 127:../lab9-efectos.c **** 	while( !keypad_pressed() )
 2234              		.loc 1 127 0 discriminator 1
 2235 01e4 FEFFFFEB 		bl	keypad_pressed
 2236 01e8 0030A0E1 		mov	r3, r0
 2237 01ec 000053E3 		cmp	r3, #0
 2238 01f0 E2FFFF0A 		beq	.L7
 132:../lab9-efectos.c ****     }
 133:../lab9-efectos.c ****     keypad_getchar();
 2239              		.loc 1 133 0
 2240 01f4 FEFFFFEB 		bl	keypad_getchar
 134:../lab9-efectos.c **** 	uart0_puts( "OK\n" );
 2241              		.loc 1 134 0
 2242 01f8 980A9FE5 		ldr	r0, .L33+16
 2243 01fc FEFFFFEB 		bl	uart0_puts
 135:../lab9-efectos.c **** 
 136:../lab9-efectos.c ****     /************************************/
 137:../lab9-efectos.c **** 
 138:../lab9-efectos.c ****     uart0_puts( "\nEfectos de audio (dominio temporal)\n" );
 2244              		.loc 1 138 0
 2245 0200 A40A9FE5 		ldr	r0, .L33+36
 2246 0204 FEFFFFEB 		bl	uart0_puts
 139:../lab9-efectos.c **** 
 140:../lab9-efectos.c ****     /************************************/
 141:../lab9-efectos.c **** 
 142:../lab9-efectos.c ****     uart0_puts( "  - Grabacion: hable mientras los 7 segmentos estén encendidos... " );
 2247              		.loc 1 142 0
 2248 0208 A00A9FE5 		ldr	r0, .L33+40
 2249 020c FEFFFFEB 		bl	uart0_puts
 143:../lab9-efectos.c ****     segs_putchar( 8 );
 2250              		.loc 1 143 0
 2251 0210 0800A0E3 		mov	r0, #8
 2252 0214 FEFFFFEB 		bl	segs_putchar
 144:../lab9-efectos.c ****     for( i=0; i<AUDIOBUFFER_SIZE; i++ )
 2253              		.loc 1 144 0
 2254 0218 0030A0E3 		mov	r3, #0
 2255 021c 10300BE5 		str	r3, [fp, #-16]
 2256 0220 0D0000EA 		b	.L8
 2257              	.L9:
 145:../lab9-efectos.c ****      	iis_getSample( &(buffer.ch0[i]), &(buffer.ch1[i]) );
 2258              		.loc 1 145 0 discriminator 2
 2259 0224 10301BE5 		ldr	r3, [fp, #-16]
 2260 0228 8320A0E1 		mov	r2, r3, asl #1
 2261 022c 803A9FE5 		ldr	r3, .L33+44
 2262 0230 032082E0 		add	r2, r2, r3
 2263 0234 10301BE5 		ldr	r3, [fp, #-16]
 2264 0238 8310A0E1 		mov	r1, r3, asl #1
 2265 023c 743A9FE5 		ldr	r3, .L33+48
 2266 0240 033081E0 		add	r3, r1, r3
 2267 0244 0200A0E1 		mov	r0, r2
 2268 0248 0310A0E1 		mov	r1, r3
 2269 024c FEFFFFEB 		bl	iis_getSample
 144:../lab9-efectos.c ****     for( i=0; i<AUDIOBUFFER_SIZE; i++ )
 2270              		.loc 1 144 0 discriminator 2
 2271 0250 10301BE5 		ldr	r3, [fp, #-16]
 2272 0254 013083E2 		add	r3, r3, #1
 2273 0258 10300BE5 		str	r3, [fp, #-16]
 2274              	.L8:
 144:../lab9-efectos.c ****     for( i=0; i<AUDIOBUFFER_SIZE; i++ )
 2275              		.loc 1 144 0 is_stmt 0 discriminator 1
 2276 025c 10201BE5 		ldr	r2, [fp, #-16]
 2277 0260 543A9FE5 		ldr	r3, .L33+52
 2278 0264 030052E1 		cmp	r2, r3
 2279 0268 EDFFFF9A 		bls	.L9
 146:../lab9-efectos.c ****     segs_off();
 2280              		.loc 1 146 0 is_stmt 1
 2281 026c FEFFFFEB 		bl	segs_off
 147:../lab9-efectos.c ****     uart0_puts( "OK\n" );
 2282              		.loc 1 147 0
 2283 0270 200A9FE5 		ldr	r0, .L33+16
 2284 0274 FEFFFFEB 		bl	uart0_puts
 148:../lab9-efectos.c **** 
 149:../lab9-efectos.c ****     /************************************/
 150:../lab9-efectos.c **** 
 151:../lab9-efectos.c ****     uart0_puts( "  - Reproducción a velocidad normal: escuche... " );
 2285              		.loc 1 151 0
 2286 0278 400A9FE5 		ldr	r0, .L33+56
 2287 027c FEFFFFEB 		bl	uart0_puts
 152:../lab9-efectos.c ****     for( i=0; i<AUDIOBUFFER_SIZE; i++ )
 2288              		.loc 1 152 0
 2289 0280 0030A0E3 		mov	r3, #0
 2290 0284 10300BE5 		str	r3, [fp, #-16]
 2291 0288 150000EA 		b	.L10
 2292              	.L11:
 153:../lab9-efectos.c ****      	iis_putSample( buffer.ch0[i], buffer.ch1[i] );
 2293              		.loc 1 153 0 discriminator 2
 2294 028c 202A9FE5 		ldr	r2, .L33+44
 2295 0290 10301BE5 		ldr	r3, [fp, #-16]
 2296 0294 8330A0E1 		mov	r3, r3, asl #1
 2297 0298 033082E0 		add	r3, r2, r3
 2298 029c B020D3E1 		ldrh	r2, [r3, #0]
 2299 02a0 0C1A9FE5 		ldr	r1, .L33+44
 2300 02a4 10301BE5 		ldr	r3, [fp, #-16]
 2301 02a8 273A83E2 		add	r3, r3, #159744
 2302 02ac 013C83E2 		add	r3, r3, #256
 2303 02b0 8330A0E1 		mov	r3, r3, asl #1
 2304 02b4 033081E0 		add	r3, r1, r3
 2305 02b8 B030D3E1 		ldrh	r3, [r3, #0]
 2306 02bc 0228A0E1 		mov	r2, r2, asl #16
 2307 02c0 4228A0E1 		mov	r2, r2, asr #16
 2308 02c4 0338A0E1 		mov	r3, r3, asl #16
 2309 02c8 4338A0E1 		mov	r3, r3, asr #16
 2310 02cc 0200A0E1 		mov	r0, r2
 2311 02d0 0310A0E1 		mov	r1, r3
 2312 02d4 FEFFFFEB 		bl	iis_putSample
 152:../lab9-efectos.c ****     for( i=0; i<AUDIOBUFFER_SIZE; i++ )
 2313              		.loc 1 152 0 discriminator 2
 2314 02d8 10301BE5 		ldr	r3, [fp, #-16]
 2315 02dc 013083E2 		add	r3, r3, #1
 2316 02e0 10300BE5 		str	r3, [fp, #-16]
 2317              	.L10:
 152:../lab9-efectos.c ****     for( i=0; i<AUDIOBUFFER_SIZE; i++ )
 2318              		.loc 1 152 0 is_stmt 0 discriminator 1
 2319 02e4 10201BE5 		ldr	r2, [fp, #-16]
 2320 02e8 CC399FE5 		ldr	r3, .L33+52
 2321 02ec 030052E1 		cmp	r2, r3
 2322 02f0 E5FFFF9A 		bls	.L11
 154:../lab9-efectos.c ****     uart0_puts( "OK\n" );
 2323              		.loc 1 154 0 is_stmt 1
 2324 02f4 9C099FE5 		ldr	r0, .L33+16
 2325 02f8 FEFFFFEB 		bl	uart0_puts
 155:../lab9-efectos.c **** 
 156:../lab9-efectos.c ****     uart0_puts( "  - Reproducción a media velocidad: escuche... " );
 2326              		.loc 1 156 0
 2327 02fc C0099FE5 		ldr	r0, .L33+60
 2328 0300 FEFFFFEB 		bl	uart0_puts
 157:../lab9-efectos.c ****     for( i=0; i<AUDIOBUFFER_SIZE; i++ )
 2329              		.loc 1 157 0
 2330 0304 0030A0E3 		mov	r3, #0
 2331 0308 10300BE5 		str	r3, [fp, #-16]
 2332 030c 280000EA 		b	.L12
 2333              	.L13:
 158:../lab9-efectos.c ****     {
 159:../lab9-efectos.c ****      	iis_putSample( buffer.ch0[i], buffer.ch1[i] );	    // cada muestra almacenada se reproduce 2 
 2334              		.loc 1 159 0 discriminator 2
 2335 0310 9C299FE5 		ldr	r2, .L33+44
 2336 0314 10301BE5 		ldr	r3, [fp, #-16]
 2337 0318 8330A0E1 		mov	r3, r3, asl #1
 2338 031c 033082E0 		add	r3, r2, r3
 2339 0320 B020D3E1 		ldrh	r2, [r3, #0]
 2340 0324 88199FE5 		ldr	r1, .L33+44
 2341 0328 10301BE5 		ldr	r3, [fp, #-16]
 2342 032c 273A83E2 		add	r3, r3, #159744
 2343 0330 013C83E2 		add	r3, r3, #256
 2344 0334 8330A0E1 		mov	r3, r3, asl #1
 2345 0338 033081E0 		add	r3, r1, r3
 2346 033c B030D3E1 		ldrh	r3, [r3, #0]
 2347 0340 0228A0E1 		mov	r2, r2, asl #16
 2348 0344 4228A0E1 		mov	r2, r2, asr #16
 2349 0348 0338A0E1 		mov	r3, r3, asl #16
 2350 034c 4338A0E1 		mov	r3, r3, asr #16
 2351 0350 0200A0E1 		mov	r0, r2
 2352 0354 0310A0E1 		mov	r1, r3
 2353 0358 FEFFFFEB 		bl	iis_putSample
 160:../lab9-efectos.c ****      	iis_putSample( buffer.ch0[i], buffer.ch1[i] );
 2354              		.loc 1 160 0 discriminator 2
 2355 035c 50299FE5 		ldr	r2, .L33+44
 2356 0360 10301BE5 		ldr	r3, [fp, #-16]
 2357 0364 8330A0E1 		mov	r3, r3, asl #1
 2358 0368 033082E0 		add	r3, r2, r3
 2359 036c B020D3E1 		ldrh	r2, [r3, #0]
 2360 0370 3C199FE5 		ldr	r1, .L33+44
 2361 0374 10301BE5 		ldr	r3, [fp, #-16]
 2362 0378 273A83E2 		add	r3, r3, #159744
 2363 037c 013C83E2 		add	r3, r3, #256
 2364 0380 8330A0E1 		mov	r3, r3, asl #1
 2365 0384 033081E0 		add	r3, r1, r3
 2366 0388 B030D3E1 		ldrh	r3, [r3, #0]
 2367 038c 0228A0E1 		mov	r2, r2, asl #16
 2368 0390 4228A0E1 		mov	r2, r2, asr #16
 2369 0394 0338A0E1 		mov	r3, r3, asl #16
 2370 0398 4338A0E1 		mov	r3, r3, asr #16
 2371 039c 0200A0E1 		mov	r0, r2
 2372 03a0 0310A0E1 		mov	r1, r3
 2373 03a4 FEFFFFEB 		bl	iis_putSample
 157:../lab9-efectos.c ****     for( i=0; i<AUDIOBUFFER_SIZE; i++ )
 2374              		.loc 1 157 0 discriminator 2
 2375 03a8 10301BE5 		ldr	r3, [fp, #-16]
 2376 03ac 013083E2 		add	r3, r3, #1
 2377 03b0 10300BE5 		str	r3, [fp, #-16]
 2378              	.L12:
 157:../lab9-efectos.c ****     for( i=0; i<AUDIOBUFFER_SIZE; i++ )
 2379              		.loc 1 157 0 is_stmt 0 discriminator 1
 2380 03b4 10201BE5 		ldr	r2, [fp, #-16]
 2381 03b8 FC389FE5 		ldr	r3, .L33+52
 2382 03bc 030052E1 		cmp	r2, r3
 2383 03c0 D2FFFF9A 		bls	.L13
 161:../lab9-efectos.c ****      }
 162:../lab9-efectos.c ****     uart0_puts( "OK\n" );
 2384              		.loc 1 162 0 is_stmt 1
 2385 03c4 CC089FE5 		ldr	r0, .L33+16
 2386 03c8 FEFFFFEB 		bl	uart0_puts
 163:../lab9-efectos.c **** 
 164:../lab9-efectos.c ****     /************************************/
 165:../lab9-efectos.c **** 
 166:../lab9-efectos.c ****     uart0_puts( "  - Reproducción a doble velocidad: escuche... " );
 2387              		.loc 1 166 0
 2388 03cc F4089FE5 		ldr	r0, .L33+64
 2389 03d0 FEFFFFEB 		bl	uart0_puts
 167:../lab9-efectos.c ****     for( i=0; i<AUDIOBUFFER_SIZE; i+=2 )		 	// se reproduce 1 de cada 2 muestras almacenadas
 2390              		.loc 1 167 0
 2391 03d4 0030A0E3 		mov	r3, #0
 2392 03d8 10300BE5 		str	r3, [fp, #-16]
 2393 03dc 150000EA 		b	.L14
 2394              	.L15:
 168:../lab9-efectos.c ****      	iis_putSample( buffer.ch0[i], buffer.ch1[i] );
 2395              		.loc 1 168 0 discriminator 2
 2396 03e0 CC289FE5 		ldr	r2, .L33+44
 2397 03e4 10301BE5 		ldr	r3, [fp, #-16]
 2398 03e8 8330A0E1 		mov	r3, r3, asl #1
 2399 03ec 033082E0 		add	r3, r2, r3
 2400 03f0 B020D3E1 		ldrh	r2, [r3, #0]
 2401 03f4 B8189FE5 		ldr	r1, .L33+44
 2402 03f8 10301BE5 		ldr	r3, [fp, #-16]
 2403 03fc 273A83E2 		add	r3, r3, #159744
 2404 0400 013C83E2 		add	r3, r3, #256
 2405 0404 8330A0E1 		mov	r3, r3, asl #1
 2406 0408 033081E0 		add	r3, r1, r3
 2407 040c B030D3E1 		ldrh	r3, [r3, #0]
 2408 0410 0228A0E1 		mov	r2, r2, asl #16
 2409 0414 4228A0E1 		mov	r2, r2, asr #16
 2410 0418 0338A0E1 		mov	r3, r3, asl #16
 2411 041c 4338A0E1 		mov	r3, r3, asr #16
 2412 0420 0200A0E1 		mov	r0, r2
 2413 0424 0310A0E1 		mov	r1, r3
 2414 0428 FEFFFFEB 		bl	iis_putSample
 167:../lab9-efectos.c ****     for( i=0; i<AUDIOBUFFER_SIZE; i+=2 )		 	// se reproduce 1 de cada 2 muestras almacenadas
 2415              		.loc 1 167 0 discriminator 2
 2416 042c 10301BE5 		ldr	r3, [fp, #-16]
 2417 0430 023083E2 		add	r3, r3, #2
 2418 0434 10300BE5 		str	r3, [fp, #-16]
 2419              	.L14:
 167:../lab9-efectos.c ****     for( i=0; i<AUDIOBUFFER_SIZE; i+=2 )		 	// se reproduce 1 de cada 2 muestras almacenadas
 2420              		.loc 1 167 0 is_stmt 0 discriminator 1
 2421 0438 10201BE5 		ldr	r2, [fp, #-16]
 2422 043c 78389FE5 		ldr	r3, .L33+52
 2423 0440 030052E1 		cmp	r2, r3
 2424 0444 E5FFFF9A 		bls	.L15
 169:../lab9-efectos.c ****     uart0_puts( "OK\n" );
 2425              		.loc 1 169 0 is_stmt 1
 2426 0448 48089FE5 		ldr	r0, .L33+16
 2427 044c FEFFFFEB 		bl	uart0_puts
 170:../lab9-efectos.c **** 
 171:../lab9-efectos.c ****     /************************************/
 172:../lab9-efectos.c **** 
 173:../lab9-efectos.c ****     uart0_puts( "  - Reproducción inversa: escuche... " );
 2428              		.loc 1 173 0
 2429 0450 74089FE5 		ldr	r0, .L33+68
 2430 0454 FEFFFFEB 		bl	uart0_puts
 174:../lab9-efectos.c ****     for( i=0; i<AUDIOBUFFER_SIZE; i++ )
 2431              		.loc 1 174 0
 2432 0458 0030A0E3 		mov	r3, #0
 2433 045c 10300BE5 		str	r3, [fp, #-16]
 2434 0460 190000EA 		b	.L16
 2435              	.L17:
 175:../lab9-efectos.c ****      	iis_putSample( buffer.ch0[AUDIOBUFFER_SIZE-i], buffer.ch1[AUDIOBUFFER_SIZE-i] );
 2436              		.loc 1 175 0 discriminator 2
 2437 0464 10301BE5 		ldr	r3, [fp, #-16]
 2438 0468 273A63E2 		rsb	r3, r3, #159744
 2439 046c 013C83E2 		add	r3, r3, #256
 2440 0470 3C289FE5 		ldr	r2, .L33+44
 2441 0474 8330A0E1 		mov	r3, r3, asl #1
 2442 0478 033082E0 		add	r3, r2, r3
 2443 047c B020D3E1 		ldrh	r2, [r3, #0]
 2444 0480 10301BE5 		ldr	r3, [fp, #-16]
 2445 0484 273A63E2 		rsb	r3, r3, #159744
 2446 0488 013C83E2 		add	r3, r3, #256
 2447 048c 20189FE5 		ldr	r1, .L33+44
 2448 0490 273A83E2 		add	r3, r3, #159744
 2449 0494 013C83E2 		add	r3, r3, #256
 2450 0498 8330A0E1 		mov	r3, r3, asl #1
 2451 049c 033081E0 		add	r3, r1, r3
 2452 04a0 B030D3E1 		ldrh	r3, [r3, #0]
 2453 04a4 0228A0E1 		mov	r2, r2, asl #16
 2454 04a8 4228A0E1 		mov	r2, r2, asr #16
 2455 04ac 0338A0E1 		mov	r3, r3, asl #16
 2456 04b0 4338A0E1 		mov	r3, r3, asr #16
 2457 04b4 0200A0E1 		mov	r0, r2
 2458 04b8 0310A0E1 		mov	r1, r3
 2459 04bc FEFFFFEB 		bl	iis_putSample
 174:../lab9-efectos.c ****     for( i=0; i<AUDIOBUFFER_SIZE; i++ )
 2460              		.loc 1 174 0 discriminator 2
 2461 04c0 10301BE5 		ldr	r3, [fp, #-16]
 2462 04c4 013083E2 		add	r3, r3, #1
 2463 04c8 10300BE5 		str	r3, [fp, #-16]
 2464              	.L16:
 174:../lab9-efectos.c ****     for( i=0; i<AUDIOBUFFER_SIZE; i++ )
 2465              		.loc 1 174 0 is_stmt 0 discriminator 1
 2466 04cc 10201BE5 		ldr	r2, [fp, #-16]
 2467 04d0 E4379FE5 		ldr	r3, .L33+52
 2468 04d4 030052E1 		cmp	r2, r3
 2469 04d8 E1FFFF9A 		bls	.L17
 176:../lab9-efectos.c ****     uart0_puts( "OK\n" );
 2470              		.loc 1 176 0 is_stmt 1
 2471 04dc B4079FE5 		ldr	r0, .L33+16
 2472 04e0 FEFFFFEB 		bl	uart0_puts
 177:../lab9-efectos.c **** 
 178:../lab9-efectos.c ****     /************************************/
 179:../lab9-efectos.c **** 
 180:../lab9-efectos.c ****     uart0_puts( "(para finalizar presione cualquier tecla)\n" );
 2473              		.loc 1 180 0
 2474 04e4 A0079FE5 		ldr	r0, .L33+4
 2475 04e8 FEFFFFEB 		bl	uart0_puts
 181:../lab9-efectos.c ****     uart0_puts( "  - Loopback: hable y escuche... " );
 2476              		.loc 1 181 0
 2477 04ec DC079FE5 		ldr	r0, .L33+72
 2478 04f0 FEFFFFEB 		bl	uart0_puts
 182:../lab9-efectos.c ****     while( !keypad_pressed() )
 2479              		.loc 1 182 0
 2480 04f4 0D0000EA 		b	.L18
 2481              	.L19:
 183:../lab9-efectos.c ****     {
 184:../lab9-efectos.c ****      	iis_getSample( &ch0, &ch1 );
 2482              		.loc 1 184 0
 2483 04f8 12204BE2 		sub	r2, fp, #18
 2484 04fc 14304BE2 		sub	r3, fp, #20
 2485 0500 0200A0E1 		mov	r0, r2
 2486 0504 0310A0E1 		mov	r1, r3
 2487 0508 FEFFFFEB 		bl	iis_getSample
 185:../lab9-efectos.c ****      	iis_putSample( ch0, ch1 );
 2488              		.loc 1 185 0
 2489 050c B2215BE1 		ldrh	r2, [fp, #-18]
 2490 0510 B4315BE1 		ldrh	r3, [fp, #-20]
 2491 0514 0228A0E1 		mov	r2, r2, asl #16
 2492 0518 4228A0E1 		mov	r2, r2, asr #16
 2493 051c 0338A0E1 		mov	r3, r3, asl #16
 2494 0520 4338A0E1 		mov	r3, r3, asr #16
 2495 0524 0200A0E1 		mov	r0, r2
 2496 0528 0310A0E1 		mov	r1, r3
 2497 052c FEFFFFEB 		bl	iis_putSample
 2498              	.L18:
 182:../lab9-efectos.c ****     while( !keypad_pressed() )
 2499              		.loc 1 182 0 discriminator 1
 2500 0530 FEFFFFEB 		bl	keypad_pressed
 2501 0534 0030A0E1 		mov	r3, r0
 2502 0538 000053E3 		cmp	r3, #0
 2503 053c EDFFFF0A 		beq	.L19
 186:../lab9-efectos.c ****      }
 187:../lab9-efectos.c ****     keypad_getchar();
 2504              		.loc 1 187 0
 2505 0540 FEFFFFEB 		bl	keypad_getchar
 188:../lab9-efectos.c ****     uart0_puts( "OK\n" );
 2506              		.loc 1 188 0
 2507 0544 4C079FE5 		ldr	r0, .L33+16
 2508 0548 FEFFFFEB 		bl	uart0_puts
 189:../lab9-efectos.c **** 
 190:../lab9-efectos.c ****     /************************************/
 191:../lab9-efectos.c **** 
 192:../lab9-efectos.c ****     uart0_puts( "  - Echo (8 ms): hable y escuche... " );
 2509              		.loc 1 192 0
 2510 054c 80079FE5 		ldr	r0, .L33+76
 2511 0550 FEFFFFEB 		bl	uart0_puts
 193:../lab9-efectos.c ****     audiodelay_init( &delay_buffer, 128 );
 2512              		.loc 1 193 0
 2513 0554 7C079FE5 		ldr	r0, .L33+80
 2514 0558 8010A0E3 		mov	r1, #128
 2515 055c FEFFFFEB 		bl	audiodelay_init
 194:../lab9-efectos.c ****     while( !keypad_pressed() )
 2516              		.loc 1 194 0
 2517 0560 3F0000EA 		b	.L20
 2518              	.L21:
 195:../lab9-efectos.c ****     {
 196:../lab9-efectos.c ****      	iis_getSample( &ch0, &ch1 );
 2519              		.loc 1 196 0
 2520 0564 12204BE2 		sub	r2, fp, #18
 2521 0568 14304BE2 		sub	r3, fp, #20
 2522 056c 0200A0E1 		mov	r0, r2
 2523 0570 0310A0E1 		mov	r1, r3
 2524 0574 FEFFFFEB 		bl	iis_getSample
 197:../lab9-efectos.c ****     	audiodelay_get( &delay_buffer, &ch0_aux, &ch1_aux );
 2525              		.loc 1 197 0
 2526 0578 16204BE2 		sub	r2, fp, #22
 2527 057c 18304BE2 		sub	r3, fp, #24
 2528 0580 50079FE5 		ldr	r0, .L33+80
 2529 0584 0210A0E1 		mov	r1, r2
 2530 0588 0320A0E1 		mov	r2, r3
 2531 058c FEFFFFEB 		bl	audiodelay_get
 198:../lab9-efectos.c ****      	ch0_aux = ch0 + (ch0_aux >> 1);
 2532              		.loc 1 198 0
 2533 0590 B6315BE1 		ldrh	r3, [fp, #-22]
 2534 0594 0338A0E1 		mov	r3, r3, asl #16
 2535 0598 4338A0E1 		mov	r3, r3, asr #16
 2536 059c C330A0E1 		mov	r3, r3, asr #1
 2537 05a0 0338A0E1 		mov	r3, r3, asl #16
 2538 05a4 2338A0E1 		mov	r3, r3, lsr #16
 2539 05a8 0338A0E1 		mov	r3, r3, asl #16
 2540 05ac 2328A0E1 		mov	r2, r3, lsr #16
 2541 05b0 B2315BE1 		ldrh	r3, [fp, #-18]
 2542 05b4 0338A0E1 		mov	r3, r3, asl #16
 2543 05b8 2338A0E1 		mov	r3, r3, lsr #16
 2544 05bc 033082E0 		add	r3, r2, r3
 2545 05c0 0338A0E1 		mov	r3, r3, asl #16
 2546 05c4 2338A0E1 		mov	r3, r3, lsr #16
 2547 05c8 0338A0E1 		mov	r3, r3, asl #16
 2548 05cc 2338A0E1 		mov	r3, r3, lsr #16
 2549 05d0 B6314BE1 		strh	r3, [fp, #-22]	@ movhi
 199:../lab9-efectos.c ****      	ch1_aux = ch1 + (ch1_aux >> 1);
 2550              		.loc 1 199 0
 2551 05d4 B8315BE1 		ldrh	r3, [fp, #-24]
 2552 05d8 0338A0E1 		mov	r3, r3, asl #16
 2553 05dc 4338A0E1 		mov	r3, r3, asr #16
 2554 05e0 C330A0E1 		mov	r3, r3, asr #1
 2555 05e4 0338A0E1 		mov	r3, r3, asl #16
 2556 05e8 2338A0E1 		mov	r3, r3, lsr #16
 2557 05ec 0338A0E1 		mov	r3, r3, asl #16
 2558 05f0 2328A0E1 		mov	r2, r3, lsr #16
 2559 05f4 B4315BE1 		ldrh	r3, [fp, #-20]
 2560 05f8 0338A0E1 		mov	r3, r3, asl #16
 2561 05fc 2338A0E1 		mov	r3, r3, lsr #16
 2562 0600 033082E0 		add	r3, r2, r3
 2563 0604 0338A0E1 		mov	r3, r3, asl #16
 2564 0608 2338A0E1 		mov	r3, r3, lsr #16
 2565 060c 0338A0E1 		mov	r3, r3, asl #16
 2566 0610 2338A0E1 		mov	r3, r3, lsr #16
 2567 0614 B8314BE1 		strh	r3, [fp, #-24]	@ movhi
 200:../lab9-efectos.c ****      	iis_putSample( ch0_aux, ch1_aux );
 2568              		.loc 1 200 0
 2569 0618 B6215BE1 		ldrh	r2, [fp, #-22]
 2570 061c B8315BE1 		ldrh	r3, [fp, #-24]
 2571 0620 0228A0E1 		mov	r2, r2, asl #16
 2572 0624 4228A0E1 		mov	r2, r2, asr #16
 2573 0628 0338A0E1 		mov	r3, r3, asl #16
 2574 062c 4338A0E1 		mov	r3, r3, asr #16
 2575 0630 0200A0E1 		mov	r0, r2
 2576 0634 0310A0E1 		mov	r1, r3
 2577 0638 FEFFFFEB 		bl	iis_putSample
 201:../lab9-efectos.c ****     	audiodelay_put( &delay_buffer, ch0, ch1 );
 2578              		.loc 1 201 0
 2579 063c B2215BE1 		ldrh	r2, [fp, #-18]
 2580 0640 B4315BE1 		ldrh	r3, [fp, #-20]
 2581 0644 0228A0E1 		mov	r2, r2, asl #16
 2582 0648 4228A0E1 		mov	r2, r2, asr #16
 2583 064c 0338A0E1 		mov	r3, r3, asl #16
 2584 0650 4338A0E1 		mov	r3, r3, asr #16
 2585 0654 7C069FE5 		ldr	r0, .L33+80
 2586 0658 0210A0E1 		mov	r1, r2
 2587 065c 0320A0E1 		mov	r2, r3
 2588 0660 FEFFFFEB 		bl	audiodelay_put
 2589              	.L20:
 194:../lab9-efectos.c ****     while( !keypad_pressed() )
 2590              		.loc 1 194 0 discriminator 1
 2591 0664 FEFFFFEB 		bl	keypad_pressed
 2592 0668 0030A0E1 		mov	r3, r0
 2593 066c 000053E3 		cmp	r3, #0
 2594 0670 BBFFFF0A 		beq	.L21
 202:../lab9-efectos.c ****     }
 203:../lab9-efectos.c ****     keypad_getchar();
 2595              		.loc 1 203 0
 2596 0674 FEFFFFEB 		bl	keypad_getchar
 204:../lab9-efectos.c ****     uart0_puts( "OK\n" );
 2597              		.loc 1 204 0
 2598 0678 18069FE5 		ldr	r0, .L33+16
 2599 067c FEFFFFEB 		bl	uart0_puts
 205:../lab9-efectos.c **** 
 206:../lab9-efectos.c ****     /************************************/
 207:../lab9-efectos.c **** 
 208:../lab9-efectos.c ****     uart0_puts( "  - Echo (45 ms): hable y escuche... " );
 2600              		.loc 1 208 0
 2601 0680 54069FE5 		ldr	r0, .L33+84
 2602 0684 FEFFFFEB 		bl	uart0_puts
 209:../lab9-efectos.c ****     audiodelay_init( &delay_buffer, 720 );
 2603              		.loc 1 209 0
 2604 0688 48069FE5 		ldr	r0, .L33+80
 2605 068c 2D1EA0E3 		mov	r1, #720
 2606 0690 FEFFFFEB 		bl	audiodelay_init
 210:../lab9-efectos.c ****     while( !keypad_pressed() )
 2607              		.loc 1 210 0
 2608 0694 3F0000EA 		b	.L22
 2609              	.L23:
 211:../lab9-efectos.c ****     {
 212:../lab9-efectos.c ****      	iis_getSample( &ch0, &ch1 );
 2610              		.loc 1 212 0
 2611 0698 12204BE2 		sub	r2, fp, #18
 2612 069c 14304BE2 		sub	r3, fp, #20
 2613 06a0 0200A0E1 		mov	r0, r2
 2614 06a4 0310A0E1 		mov	r1, r3
 2615 06a8 FEFFFFEB 		bl	iis_getSample
 213:../lab9-efectos.c ****     	audiodelay_get( &delay_buffer, &ch0_aux, &ch1_aux );
 2616              		.loc 1 213 0
 2617 06ac 16204BE2 		sub	r2, fp, #22
 2618 06b0 18304BE2 		sub	r3, fp, #24
 2619 06b4 1C069FE5 		ldr	r0, .L33+80
 2620 06b8 0210A0E1 		mov	r1, r2
 2621 06bc 0320A0E1 		mov	r2, r3
 2622 06c0 FEFFFFEB 		bl	audiodelay_get
 214:../lab9-efectos.c ****      	ch0_aux = ch0 + (ch0_aux >> 1);
 2623              		.loc 1 214 0
 2624 06c4 B6315BE1 		ldrh	r3, [fp, #-22]
 2625 06c8 0338A0E1 		mov	r3, r3, asl #16
 2626 06cc 4338A0E1 		mov	r3, r3, asr #16
 2627 06d0 C330A0E1 		mov	r3, r3, asr #1
 2628 06d4 0338A0E1 		mov	r3, r3, asl #16
 2629 06d8 2338A0E1 		mov	r3, r3, lsr #16
 2630 06dc 0338A0E1 		mov	r3, r3, asl #16
 2631 06e0 2328A0E1 		mov	r2, r3, lsr #16
 2632 06e4 B2315BE1 		ldrh	r3, [fp, #-18]
 2633 06e8 0338A0E1 		mov	r3, r3, asl #16
 2634 06ec 2338A0E1 		mov	r3, r3, lsr #16
 2635 06f0 033082E0 		add	r3, r2, r3
 2636 06f4 0338A0E1 		mov	r3, r3, asl #16
 2637 06f8 2338A0E1 		mov	r3, r3, lsr #16
 2638 06fc 0338A0E1 		mov	r3, r3, asl #16
 2639 0700 2338A0E1 		mov	r3, r3, lsr #16
 2640 0704 B6314BE1 		strh	r3, [fp, #-22]	@ movhi
 215:../lab9-efectos.c ****      	ch1_aux = ch1 + (ch1_aux >> 1);
 2641              		.loc 1 215 0
 2642 0708 B8315BE1 		ldrh	r3, [fp, #-24]
 2643 070c 0338A0E1 		mov	r3, r3, asl #16
 2644 0710 4338A0E1 		mov	r3, r3, asr #16
 2645 0714 C330A0E1 		mov	r3, r3, asr #1
 2646 0718 0338A0E1 		mov	r3, r3, asl #16
 2647 071c 2338A0E1 		mov	r3, r3, lsr #16
 2648 0720 0338A0E1 		mov	r3, r3, asl #16
 2649 0724 2328A0E1 		mov	r2, r3, lsr #16
 2650 0728 B4315BE1 		ldrh	r3, [fp, #-20]
 2651 072c 0338A0E1 		mov	r3, r3, asl #16
 2652 0730 2338A0E1 		mov	r3, r3, lsr #16
 2653 0734 033082E0 		add	r3, r2, r3
 2654 0738 0338A0E1 		mov	r3, r3, asl #16
 2655 073c 2338A0E1 		mov	r3, r3, lsr #16
 2656 0740 0338A0E1 		mov	r3, r3, asl #16
 2657 0744 2338A0E1 		mov	r3, r3, lsr #16
 2658 0748 B8314BE1 		strh	r3, [fp, #-24]	@ movhi
 216:../lab9-efectos.c ****      	iis_putSample( ch0_aux, ch1_aux );
 2659              		.loc 1 216 0
 2660 074c B6215BE1 		ldrh	r2, [fp, #-22]
 2661 0750 B8315BE1 		ldrh	r3, [fp, #-24]
 2662 0754 0228A0E1 		mov	r2, r2, asl #16
 2663 0758 4228A0E1 		mov	r2, r2, asr #16
 2664 075c 0338A0E1 		mov	r3, r3, asl #16
 2665 0760 4338A0E1 		mov	r3, r3, asr #16
 2666 0764 0200A0E1 		mov	r0, r2
 2667 0768 0310A0E1 		mov	r1, r3
 2668 076c FEFFFFEB 		bl	iis_putSample
 217:../lab9-efectos.c ****     	audiodelay_put( &delay_buffer, ch0, ch1 );
 2669              		.loc 1 217 0
 2670 0770 B2215BE1 		ldrh	r2, [fp, #-18]
 2671 0774 B4315BE1 		ldrh	r3, [fp, #-20]
 2672 0778 0228A0E1 		mov	r2, r2, asl #16
 2673 077c 4228A0E1 		mov	r2, r2, asr #16
 2674 0780 0338A0E1 		mov	r3, r3, asl #16
 2675 0784 4338A0E1 		mov	r3, r3, asr #16
 2676 0788 48059FE5 		ldr	r0, .L33+80
 2677 078c 0210A0E1 		mov	r1, r2
 2678 0790 0320A0E1 		mov	r2, r3
 2679 0794 FEFFFFEB 		bl	audiodelay_put
 2680              	.L22:
 210:../lab9-efectos.c ****     while( !keypad_pressed() )
 2681              		.loc 1 210 0 discriminator 1
 2682 0798 FEFFFFEB 		bl	keypad_pressed
 2683 079c 0030A0E1 		mov	r3, r0
 2684 07a0 000053E3 		cmp	r3, #0
 2685 07a4 BBFFFF0A 		beq	.L23
 218:../lab9-efectos.c ****     }
 219:../lab9-efectos.c ****     keypad_getchar();
 2686              		.loc 1 219 0
 2687 07a8 FEFFFFEB 		bl	keypad_getchar
 220:../lab9-efectos.c ****     uart0_puts( "OK\n" );
 2688              		.loc 1 220 0
 2689 07ac E4049FE5 		ldr	r0, .L33+16
 2690 07b0 FEFFFFEB 		bl	uart0_puts
 221:../lab9-efectos.c **** 
 222:../lab9-efectos.c ****     /************************************/
 223:../lab9-efectos.c **** 
 224:../lab9-efectos.c ****     uart0_puts( "  - Echo (85 ms): hable y escuche... " );
 2691              		.loc 1 224 0
 2692 07b4 24059FE5 		ldr	r0, .L33+88
 2693 07b8 FEFFFFEB 		bl	uart0_puts
 225:../lab9-efectos.c ****     audiodelay_init( &delay_buffer, 1280 );
 2694              		.loc 1 225 0
 2695 07bc 14059FE5 		ldr	r0, .L33+80
 2696 07c0 051CA0E3 		mov	r1, #1280
 2697 07c4 FEFFFFEB 		bl	audiodelay_init
 226:../lab9-efectos.c ****     while( !keypad_pressed() )
 2698              		.loc 1 226 0
 2699 07c8 3F0000EA 		b	.L24
 2700              	.L25:
 227:../lab9-efectos.c ****     {
 228:../lab9-efectos.c ****      	iis_getSample( &ch0, &ch1 );
 2701              		.loc 1 228 0
 2702 07cc 12204BE2 		sub	r2, fp, #18
 2703 07d0 14304BE2 		sub	r3, fp, #20
 2704 07d4 0200A0E1 		mov	r0, r2
 2705 07d8 0310A0E1 		mov	r1, r3
 2706 07dc FEFFFFEB 		bl	iis_getSample
 229:../lab9-efectos.c ****     	audiodelay_get( &delay_buffer, &ch0_aux, &ch1_aux );
 2707              		.loc 1 229 0
 2708 07e0 16204BE2 		sub	r2, fp, #22
 2709 07e4 18304BE2 		sub	r3, fp, #24
 2710 07e8 E8049FE5 		ldr	r0, .L33+80
 2711 07ec 0210A0E1 		mov	r1, r2
 2712 07f0 0320A0E1 		mov	r2, r3
 2713 07f4 FEFFFFEB 		bl	audiodelay_get
 230:../lab9-efectos.c ****      	ch0_aux = ch0 + (ch0_aux >> 1);
 2714              		.loc 1 230 0
 2715 07f8 B6315BE1 		ldrh	r3, [fp, #-22]
 2716 07fc 0338A0E1 		mov	r3, r3, asl #16
 2717 0800 4338A0E1 		mov	r3, r3, asr #16
 2718 0804 C330A0E1 		mov	r3, r3, asr #1
 2719 0808 0338A0E1 		mov	r3, r3, asl #16
 2720 080c 2338A0E1 		mov	r3, r3, lsr #16
 2721 0810 0338A0E1 		mov	r3, r3, asl #16
 2722 0814 2328A0E1 		mov	r2, r3, lsr #16
 2723 0818 B2315BE1 		ldrh	r3, [fp, #-18]
 2724 081c 0338A0E1 		mov	r3, r3, asl #16
 2725 0820 2338A0E1 		mov	r3, r3, lsr #16
 2726 0824 033082E0 		add	r3, r2, r3
 2727 0828 0338A0E1 		mov	r3, r3, asl #16
 2728 082c 2338A0E1 		mov	r3, r3, lsr #16
 2729 0830 0338A0E1 		mov	r3, r3, asl #16
 2730 0834 2338A0E1 		mov	r3, r3, lsr #16
 2731 0838 B6314BE1 		strh	r3, [fp, #-22]	@ movhi
 231:../lab9-efectos.c ****      	ch1_aux = ch1 + (ch1_aux >> 1);
 2732              		.loc 1 231 0
 2733 083c B8315BE1 		ldrh	r3, [fp, #-24]
 2734 0840 0338A0E1 		mov	r3, r3, asl #16
 2735 0844 4338A0E1 		mov	r3, r3, asr #16
 2736 0848 C330A0E1 		mov	r3, r3, asr #1
 2737 084c 0338A0E1 		mov	r3, r3, asl #16
 2738 0850 2338A0E1 		mov	r3, r3, lsr #16
 2739 0854 0338A0E1 		mov	r3, r3, asl #16
 2740 0858 2328A0E1 		mov	r2, r3, lsr #16
 2741 085c B4315BE1 		ldrh	r3, [fp, #-20]
 2742 0860 0338A0E1 		mov	r3, r3, asl #16
 2743 0864 2338A0E1 		mov	r3, r3, lsr #16
 2744 0868 033082E0 		add	r3, r2, r3
 2745 086c 0338A0E1 		mov	r3, r3, asl #16
 2746 0870 2338A0E1 		mov	r3, r3, lsr #16
 2747 0874 0338A0E1 		mov	r3, r3, asl #16
 2748 0878 2338A0E1 		mov	r3, r3, lsr #16
 2749 087c B8314BE1 		strh	r3, [fp, #-24]	@ movhi
 232:../lab9-efectos.c ****      	iis_putSample( ch0_aux, ch1_aux );
 2750              		.loc 1 232 0
 2751 0880 B6215BE1 		ldrh	r2, [fp, #-22]
 2752 0884 B8315BE1 		ldrh	r3, [fp, #-24]
 2753 0888 0228A0E1 		mov	r2, r2, asl #16
 2754 088c 4228A0E1 		mov	r2, r2, asr #16
 2755 0890 0338A0E1 		mov	r3, r3, asl #16
 2756 0894 4338A0E1 		mov	r3, r3, asr #16
 2757 0898 0200A0E1 		mov	r0, r2
 2758 089c 0310A0E1 		mov	r1, r3
 2759 08a0 FEFFFFEB 		bl	iis_putSample
 233:../lab9-efectos.c ****     	audiodelay_put( &delay_buffer, ch0, ch1 );
 2760              		.loc 1 233 0
 2761 08a4 B2215BE1 		ldrh	r2, [fp, #-18]
 2762 08a8 B4315BE1 		ldrh	r3, [fp, #-20]
 2763 08ac 0228A0E1 		mov	r2, r2, asl #16
 2764 08b0 4228A0E1 		mov	r2, r2, asr #16
 2765 08b4 0338A0E1 		mov	r3, r3, asl #16
 2766 08b8 4338A0E1 		mov	r3, r3, asr #16
 2767 08bc 14049FE5 		ldr	r0, .L33+80
 2768 08c0 0210A0E1 		mov	r1, r2
 2769 08c4 0320A0E1 		mov	r2, r3
 2770 08c8 FEFFFFEB 		bl	audiodelay_put
 2771              	.L24:
 226:../lab9-efectos.c ****     while( !keypad_pressed() )
 2772              		.loc 1 226 0 discriminator 1
 2773 08cc FEFFFFEB 		bl	keypad_pressed
 2774 08d0 0030A0E1 		mov	r3, r0
 2775 08d4 000053E3 		cmp	r3, #0
 2776 08d8 BBFFFF0A 		beq	.L25
 234:../lab9-efectos.c ****     }
 235:../lab9-efectos.c ****     keypad_getchar();
 2777              		.loc 1 235 0
 2778 08dc FEFFFFEB 		bl	keypad_getchar
 236:../lab9-efectos.c ****     uart0_puts( "OK\n" );
 2779              		.loc 1 236 0
 2780 08e0 B0039FE5 		ldr	r0, .L33+16
 2781 08e4 FEFFFFEB 		bl	uart0_puts
 237:../lab9-efectos.c **** 
 238:../lab9-efectos.c ****     /************************************/
 239:../lab9-efectos.c **** 
 240:../lab9-efectos.c ****     uart0_puts( "  - Echo (150 ms): hable y escuche... " );
 2782              		.loc 1 240 0
 2783 08e8 F4039FE5 		ldr	r0, .L33+92
 2784 08ec FEFFFFEB 		bl	uart0_puts
 241:../lab9-efectos.c ****     audiodelay_init( &delay_buffer, 2400 );
 2785              		.loc 1 241 0
 2786 08f0 E0039FE5 		ldr	r0, .L33+80
 2787 08f4 961EA0E3 		mov	r1, #2400
 2788 08f8 FEFFFFEB 		bl	audiodelay_init
 242:../lab9-efectos.c ****     while( !keypad_pressed() )
 2789              		.loc 1 242 0
 2790 08fc 3F0000EA 		b	.L26
 2791              	.L27:
 243:../lab9-efectos.c ****     {
 244:../lab9-efectos.c ****      	iis_getSample( &ch0, &ch1 );
 2792              		.loc 1 244 0
 2793 0900 12204BE2 		sub	r2, fp, #18
 2794 0904 14304BE2 		sub	r3, fp, #20
 2795 0908 0200A0E1 		mov	r0, r2
 2796 090c 0310A0E1 		mov	r1, r3
 2797 0910 FEFFFFEB 		bl	iis_getSample
 245:../lab9-efectos.c ****     	audiodelay_get( &delay_buffer, &ch0_aux, &ch1_aux );
 2798              		.loc 1 245 0
 2799 0914 16204BE2 		sub	r2, fp, #22
 2800 0918 18304BE2 		sub	r3, fp, #24
 2801 091c B4039FE5 		ldr	r0, .L33+80
 2802 0920 0210A0E1 		mov	r1, r2
 2803 0924 0320A0E1 		mov	r2, r3
 2804 0928 FEFFFFEB 		bl	audiodelay_get
 246:../lab9-efectos.c ****      	ch0_aux = ch0 + (ch0_aux >> 1);
 2805              		.loc 1 246 0
 2806 092c B6315BE1 		ldrh	r3, [fp, #-22]
 2807 0930 0338A0E1 		mov	r3, r3, asl #16
 2808 0934 4338A0E1 		mov	r3, r3, asr #16
 2809 0938 C330A0E1 		mov	r3, r3, asr #1
 2810 093c 0338A0E1 		mov	r3, r3, asl #16
 2811 0940 2338A0E1 		mov	r3, r3, lsr #16
 2812 0944 0338A0E1 		mov	r3, r3, asl #16
 2813 0948 2328A0E1 		mov	r2, r3, lsr #16
 2814 094c B2315BE1 		ldrh	r3, [fp, #-18]
 2815 0950 0338A0E1 		mov	r3, r3, asl #16
 2816 0954 2338A0E1 		mov	r3, r3, lsr #16
 2817 0958 033082E0 		add	r3, r2, r3
 2818 095c 0338A0E1 		mov	r3, r3, asl #16
 2819 0960 2338A0E1 		mov	r3, r3, lsr #16
 2820 0964 0338A0E1 		mov	r3, r3, asl #16
 2821 0968 2338A0E1 		mov	r3, r3, lsr #16
 2822 096c B6314BE1 		strh	r3, [fp, #-22]	@ movhi
 247:../lab9-efectos.c ****      	ch1_aux = ch1 + (ch1_aux >> 1);
 2823              		.loc 1 247 0
 2824 0970 B8315BE1 		ldrh	r3, [fp, #-24]
 2825 0974 0338A0E1 		mov	r3, r3, asl #16
 2826 0978 4338A0E1 		mov	r3, r3, asr #16
 2827 097c C330A0E1 		mov	r3, r3, asr #1
 2828 0980 0338A0E1 		mov	r3, r3, asl #16
 2829 0984 2338A0E1 		mov	r3, r3, lsr #16
 2830 0988 0338A0E1 		mov	r3, r3, asl #16
 2831 098c 2328A0E1 		mov	r2, r3, lsr #16
 2832 0990 B4315BE1 		ldrh	r3, [fp, #-20]
 2833 0994 0338A0E1 		mov	r3, r3, asl #16
 2834 0998 2338A0E1 		mov	r3, r3, lsr #16
 2835 099c 033082E0 		add	r3, r2, r3
 2836 09a0 0338A0E1 		mov	r3, r3, asl #16
 2837 09a4 2338A0E1 		mov	r3, r3, lsr #16
 2838 09a8 0338A0E1 		mov	r3, r3, asl #16
 2839 09ac 2338A0E1 		mov	r3, r3, lsr #16
 2840 09b0 B8314BE1 		strh	r3, [fp, #-24]	@ movhi
 248:../lab9-efectos.c ****      	iis_putSample( ch0_aux, ch1_aux );
 2841              		.loc 1 248 0
 2842 09b4 B6215BE1 		ldrh	r2, [fp, #-22]
 2843 09b8 B8315BE1 		ldrh	r3, [fp, #-24]
 2844 09bc 0228A0E1 		mov	r2, r2, asl #16
 2845 09c0 4228A0E1 		mov	r2, r2, asr #16
 2846 09c4 0338A0E1 		mov	r3, r3, asl #16
 2847 09c8 4338A0E1 		mov	r3, r3, asr #16
 2848 09cc 0200A0E1 		mov	r0, r2
 2849 09d0 0310A0E1 		mov	r1, r3
 2850 09d4 FEFFFFEB 		bl	iis_putSample
 249:../lab9-efectos.c ****     	audiodelay_put( &delay_buffer, ch0, ch1 );
 2851              		.loc 1 249 0
 2852 09d8 B2215BE1 		ldrh	r2, [fp, #-18]
 2853 09dc B4315BE1 		ldrh	r3, [fp, #-20]
 2854 09e0 0228A0E1 		mov	r2, r2, asl #16
 2855 09e4 4228A0E1 		mov	r2, r2, asr #16
 2856 09e8 0338A0E1 		mov	r3, r3, asl #16
 2857 09ec 4338A0E1 		mov	r3, r3, asr #16
 2858 09f0 E0029FE5 		ldr	r0, .L33+80
 2859 09f4 0210A0E1 		mov	r1, r2
 2860 09f8 0320A0E1 		mov	r2, r3
 2861 09fc FEFFFFEB 		bl	audiodelay_put
 2862              	.L26:
 242:../lab9-efectos.c ****     while( !keypad_pressed() )
 2863              		.loc 1 242 0 discriminator 1
 2864 0a00 FEFFFFEB 		bl	keypad_pressed
 2865 0a04 0030A0E1 		mov	r3, r0
 2866 0a08 000053E3 		cmp	r3, #0
 2867 0a0c BBFFFF0A 		beq	.L27
 250:../lab9-efectos.c ****     }
 251:../lab9-efectos.c ****     keypad_getchar();
 2868              		.loc 1 251 0
 2869 0a10 FEFFFFEB 		bl	keypad_getchar
 252:../lab9-efectos.c ****     uart0_puts( "OK\n" );
 2870              		.loc 1 252 0
 2871 0a14 7C029FE5 		ldr	r0, .L33+16
 2872 0a18 FEFFFFEB 		bl	uart0_puts
 253:../lab9-efectos.c **** 
 254:../lab9-efectos.c ****     /************************************/
 255:../lab9-efectos.c **** 
 256:../lab9-efectos.c ****     uart0_puts( "  - Echo & fade (1 s): hable y escuche... " );
 2873              		.loc 1 256 0
 2874 0a1c C4029FE5 		ldr	r0, .L33+96
 2875 0a20 FEFFFFEB 		bl	uart0_puts
 257:../lab9-efectos.c ****     audiodelay_init( &delay_buffer, 16000 );
 2876              		.loc 1 257 0
 2877 0a24 AC029FE5 		ldr	r0, .L33+80
 2878 0a28 FA1DA0E3 		mov	r1, #16000
 2879 0a2c FEFFFFEB 		bl	audiodelay_init
 258:../lab9-efectos.c ****     while( !keypad_pressed() )
 2880              		.loc 1 258 0
 2881 0a30 3F0000EA 		b	.L28
 2882              	.L29:
 259:../lab9-efectos.c ****     {
 260:../lab9-efectos.c ****      	iis_getSample( &ch0, &ch1 );
 2883              		.loc 1 260 0
 2884 0a34 12204BE2 		sub	r2, fp, #18
 2885 0a38 14304BE2 		sub	r3, fp, #20
 2886 0a3c 0200A0E1 		mov	r0, r2
 2887 0a40 0310A0E1 		mov	r1, r3
 2888 0a44 FEFFFFEB 		bl	iis_getSample
 261:../lab9-efectos.c ****     	audiodelay_get( &delay_buffer, &ch0_aux, &ch1_aux );
 2889              		.loc 1 261 0
 2890 0a48 16204BE2 		sub	r2, fp, #22
 2891 0a4c 18304BE2 		sub	r3, fp, #24
 2892 0a50 80029FE5 		ldr	r0, .L33+80
 2893 0a54 0210A0E1 		mov	r1, r2
 2894 0a58 0320A0E1 		mov	r2, r3
 2895 0a5c FEFFFFEB 		bl	audiodelay_get
 262:../lab9-efectos.c ****       	ch0 = ch0 + (ch0_aux >> 1);
 2896              		.loc 1 262 0
 2897 0a60 B6315BE1 		ldrh	r3, [fp, #-22]
 2898 0a64 0338A0E1 		mov	r3, r3, asl #16
 2899 0a68 4338A0E1 		mov	r3, r3, asr #16
 2900 0a6c C330A0E1 		mov	r3, r3, asr #1
 2901 0a70 0338A0E1 		mov	r3, r3, asl #16
 2902 0a74 2338A0E1 		mov	r3, r3, lsr #16
 2903 0a78 0338A0E1 		mov	r3, r3, asl #16
 2904 0a7c 2328A0E1 		mov	r2, r3, lsr #16
 2905 0a80 B2315BE1 		ldrh	r3, [fp, #-18]
 2906 0a84 0338A0E1 		mov	r3, r3, asl #16
 2907 0a88 2338A0E1 		mov	r3, r3, lsr #16
 2908 0a8c 033082E0 		add	r3, r2, r3
 2909 0a90 0338A0E1 		mov	r3, r3, asl #16
 2910 0a94 2338A0E1 		mov	r3, r3, lsr #16
 2911 0a98 0338A0E1 		mov	r3, r3, asl #16
 2912 0a9c 2338A0E1 		mov	r3, r3, lsr #16
 2913 0aa0 B2314BE1 		strh	r3, [fp, #-18]	@ movhi
 263:../lab9-efectos.c ****       	ch1 = ch1 + (ch1_aux >> 1);
 2914              		.loc 1 263 0
 2915 0aa4 B8315BE1 		ldrh	r3, [fp, #-24]
 2916 0aa8 0338A0E1 		mov	r3, r3, asl #16
 2917 0aac 4338A0E1 		mov	r3, r3, asr #16
 2918 0ab0 C330A0E1 		mov	r3, r3, asr #1
 2919 0ab4 0338A0E1 		mov	r3, r3, asl #16
 2920 0ab8 2338A0E1 		mov	r3, r3, lsr #16
 2921 0abc 0338A0E1 		mov	r3, r3, asl #16
 2922 0ac0 2328A0E1 		mov	r2, r3, lsr #16
 2923 0ac4 B4315BE1 		ldrh	r3, [fp, #-20]
 2924 0ac8 0338A0E1 		mov	r3, r3, asl #16
 2925 0acc 2338A0E1 		mov	r3, r3, lsr #16
 2926 0ad0 033082E0 		add	r3, r2, r3
 2927 0ad4 0338A0E1 		mov	r3, r3, asl #16
 2928 0ad8 2338A0E1 		mov	r3, r3, lsr #16
 2929 0adc 0338A0E1 		mov	r3, r3, asl #16
 2930 0ae0 2338A0E1 		mov	r3, r3, lsr #16
 2931 0ae4 B4314BE1 		strh	r3, [fp, #-20]	@ movhi
 264:../lab9-efectos.c ****      	iis_putSample( ch0, ch1 );
 2932              		.loc 1 264 0
 2933 0ae8 B2215BE1 		ldrh	r2, [fp, #-18]
 2934 0aec B4315BE1 		ldrh	r3, [fp, #-20]
 2935 0af0 0228A0E1 		mov	r2, r2, asl #16
 2936 0af4 4228A0E1 		mov	r2, r2, asr #16
 2937 0af8 0338A0E1 		mov	r3, r3, asl #16
 2938 0afc 4338A0E1 		mov	r3, r3, asr #16
 2939 0b00 0200A0E1 		mov	r0, r2
 2940 0b04 0310A0E1 		mov	r1, r3
 2941 0b08 FEFFFFEB 		bl	iis_putSample
 265:../lab9-efectos.c ****     	audiodelay_put( &delay_buffer, ch0, ch1 );
 2942              		.loc 1 265 0
 2943 0b0c B2215BE1 		ldrh	r2, [fp, #-18]
 2944 0b10 B4315BE1 		ldrh	r3, [fp, #-20]
 2945 0b14 0228A0E1 		mov	r2, r2, asl #16
 2946 0b18 4228A0E1 		mov	r2, r2, asr #16
 2947 0b1c 0338A0E1 		mov	r3, r3, asl #16
 2948 0b20 4338A0E1 		mov	r3, r3, asr #16
 2949 0b24 AC019FE5 		ldr	r0, .L33+80
 2950 0b28 0210A0E1 		mov	r1, r2
 2951 0b2c 0320A0E1 		mov	r2, r3
 2952 0b30 FEFFFFEB 		bl	audiodelay_put
 2953              	.L28:
 258:../lab9-efectos.c ****     while( !keypad_pressed() )
 2954              		.loc 1 258 0 discriminator 1
 2955 0b34 FEFFFFEB 		bl	keypad_pressed
 2956 0b38 0030A0E1 		mov	r3, r0
 2957 0b3c 000053E3 		cmp	r3, #0
 2958 0b40 BBFFFF0A 		beq	.L29
 266:../lab9-efectos.c ****     }
 267:../lab9-efectos.c ****     keypad_getchar();
 2959              		.loc 1 267 0
 2960 0b44 FEFFFFEB 		bl	keypad_getchar
 268:../lab9-efectos.c ****     uart0_puts( "OK\n" );
 2961              		.loc 1 268 0
 2962 0b48 48019FE5 		ldr	r0, .L33+16
 2963 0b4c FEFFFFEB 		bl	uart0_puts
 269:../lab9-efectos.c **** 
 270:../lab9-efectos.c ****     /************************************/
 271:../lab9-efectos.c **** 
 272:../lab9-efectos.c ****     uart0_puts( "  - Reverberación (echo & fade 100 ms): hable y escuche... " );
 2964              		.loc 1 272 0
 2965 0b50 94019FE5 		ldr	r0, .L33+100
 2966 0b54 FEFFFFEB 		bl	uart0_puts
 273:../lab9-efectos.c ****     audiodelay_init( &delay_buffer, 1600 );
 2967              		.loc 1 273 0
 2968 0b58 78019FE5 		ldr	r0, .L33+80
 2969 0b5c 191DA0E3 		mov	r1, #1600
 2970 0b60 FEFFFFEB 		bl	audiodelay_init
 274:../lab9-efectos.c ****     while( !keypad_pressed() )
 2971              		.loc 1 274 0
 2972 0b64 3F0000EA 		b	.L30
 2973              	.L31:
 275:../lab9-efectos.c ****     {
 276:../lab9-efectos.c ****      	iis_getSample( &ch0, &ch1 );
 2974              		.loc 1 276 0
 2975 0b68 12204BE2 		sub	r2, fp, #18
 2976 0b6c 14304BE2 		sub	r3, fp, #20
 2977 0b70 0200A0E1 		mov	r0, r2
 2978 0b74 0310A0E1 		mov	r1, r3
 2979 0b78 FEFFFFEB 		bl	iis_getSample
 277:../lab9-efectos.c ****     	audiodelay_get( &delay_buffer, &ch0_aux, &ch1_aux );
 2980              		.loc 1 277 0
 2981 0b7c 16204BE2 		sub	r2, fp, #22
 2982 0b80 18304BE2 		sub	r3, fp, #24
 2983 0b84 4C019FE5 		ldr	r0, .L33+80
 2984 0b88 0210A0E1 		mov	r1, r2
 2985 0b8c 0320A0E1 		mov	r2, r3
 2986 0b90 FEFFFFEB 		bl	audiodelay_get
 278:../lab9-efectos.c ****       	ch0 = ch0 + (ch0_aux >> 1);
 2987              		.loc 1 278 0
 2988 0b94 B6315BE1 		ldrh	r3, [fp, #-22]
 2989 0b98 0338A0E1 		mov	r3, r3, asl #16
 2990 0b9c 4338A0E1 		mov	r3, r3, asr #16
 2991 0ba0 C330A0E1 		mov	r3, r3, asr #1
 2992 0ba4 0338A0E1 		mov	r3, r3, asl #16
 2993 0ba8 2338A0E1 		mov	r3, r3, lsr #16
 2994 0bac 0338A0E1 		mov	r3, r3, asl #16
 2995 0bb0 2328A0E1 		mov	r2, r3, lsr #16
 2996 0bb4 B2315BE1 		ldrh	r3, [fp, #-18]
 2997 0bb8 0338A0E1 		mov	r3, r3, asl #16
 2998 0bbc 2338A0E1 		mov	r3, r3, lsr #16
 2999 0bc0 033082E0 		add	r3, r2, r3
 3000 0bc4 0338A0E1 		mov	r3, r3, asl #16
 3001 0bc8 2338A0E1 		mov	r3, r3, lsr #16
 3002 0bcc 0338A0E1 		mov	r3, r3, asl #16
 3003 0bd0 2338A0E1 		mov	r3, r3, lsr #16
 3004 0bd4 B2314BE1 		strh	r3, [fp, #-18]	@ movhi
 279:../lab9-efectos.c ****       	ch1 = ch1 + (ch1_aux >> 1);
 3005              		.loc 1 279 0
 3006 0bd8 B8315BE1 		ldrh	r3, [fp, #-24]
 3007 0bdc 0338A0E1 		mov	r3, r3, asl #16
 3008 0be0 4338A0E1 		mov	r3, r3, asr #16
 3009 0be4 C330A0E1 		mov	r3, r3, asr #1
 3010 0be8 0338A0E1 		mov	r3, r3, asl #16
 3011 0bec 2338A0E1 		mov	r3, r3, lsr #16
 3012 0bf0 0338A0E1 		mov	r3, r3, asl #16
 3013 0bf4 2328A0E1 		mov	r2, r3, lsr #16
 3014 0bf8 B4315BE1 		ldrh	r3, [fp, #-20]
 3015 0bfc 0338A0E1 		mov	r3, r3, asl #16
 3016 0c00 2338A0E1 		mov	r3, r3, lsr #16
 3017 0c04 033082E0 		add	r3, r2, r3
 3018 0c08 0338A0E1 		mov	r3, r3, asl #16
 3019 0c0c 2338A0E1 		mov	r3, r3, lsr #16
 3020 0c10 0338A0E1 		mov	r3, r3, asl #16
 3021 0c14 2338A0E1 		mov	r3, r3, lsr #16
 3022 0c18 B4314BE1 		strh	r3, [fp, #-20]	@ movhi
 280:../lab9-efectos.c ****      	iis_putSample( ch0, ch1 );
 3023              		.loc 1 280 0
 3024 0c1c B2215BE1 		ldrh	r2, [fp, #-18]
 3025 0c20 B4315BE1 		ldrh	r3, [fp, #-20]
 3026 0c24 0228A0E1 		mov	r2, r2, asl #16
 3027 0c28 4228A0E1 		mov	r2, r2, asr #16
 3028 0c2c 0338A0E1 		mov	r3, r3, asl #16
 3029 0c30 4338A0E1 		mov	r3, r3, asr #16
 3030 0c34 0200A0E1 		mov	r0, r2
 3031 0c38 0310A0E1 		mov	r1, r3
 3032 0c3c FEFFFFEB 		bl	iis_putSample
 281:../lab9-efectos.c ****     	audiodelay_put( &delay_buffer, ch0, ch1 );
 3033              		.loc 1 281 0
 3034 0c40 B2215BE1 		ldrh	r2, [fp, #-18]
 3035 0c44 B4315BE1 		ldrh	r3, [fp, #-20]
 3036 0c48 0228A0E1 		mov	r2, r2, asl #16
 3037 0c4c 4228A0E1 		mov	r2, r2, asr #16
 3038 0c50 0338A0E1 		mov	r3, r3, asl #16
 3039 0c54 4338A0E1 		mov	r3, r3, asr #16
 3040 0c58 78009FE5 		ldr	r0, .L33+80
 3041 0c5c 0210A0E1 		mov	r1, r2
 3042 0c60 0320A0E1 		mov	r2, r3
 3043 0c64 FEFFFFEB 		bl	audiodelay_put
 3044              	.L30:
 274:../lab9-efectos.c ****     while( !keypad_pressed() )
 3045              		.loc 1 274 0 discriminator 1
 3046 0c68 FEFFFFEB 		bl	keypad_pressed
 3047 0c6c 0030A0E1 		mov	r3, r0
 3048 0c70 000053E3 		cmp	r3, #0
 3049 0c74 BBFFFF0A 		beq	.L31
 282:../lab9-efectos.c ****      }
 283:../lab9-efectos.c ****     keypad_getchar();
 3050              		.loc 1 283 0
 3051 0c78 FEFFFFEB 		bl	keypad_getchar
 284:../lab9-efectos.c ****     uart0_puts( "OK\n" );
 3052              		.loc 1 284 0
 3053 0c7c 14009FE5 		ldr	r0, .L33+16
 3054 0c80 FEFFFFEB 		bl	uart0_puts
 3055              	.L32:
 285:../lab9-efectos.c **** 
 286:../lab9-efectos.c ****     /************************************/
 287:../lab9-efectos.c **** 
 288:../lab9-efectos.c ****     while(1);
 3056              		.loc 1 288 0 discriminator 1
 3057 0c84 FEFFFFEA 		b	.L32
 3058              	.L34:
 3059              		.align	2
 3060              	.L33:
 3061 0c88 00000000 		.word	.LC0
 3062 0c8c 38000000 		.word	.LC1
 3063 0c90 64000000 		.word	.LC2
 3064 0c94 00000000 		.word	sine
 3065 0c98 80000000 		.word	.LC3
 3066 0c9c 84000000 		.word	.LC4
 3067 0ca0 00000000 		.word	square
 3068 0ca4 A4000000 		.word	.LC5
 3069 0ca8 00000000 		.word	triangle
 3070 0cac C8000000 		.word	.LC6
 3071 0cb0 F0000000 		.word	.LC7
 3072 0cb4 00000000 		.word	buffer
 3073 0cb8 00E20400 		.word	buffer+320000
 3074 0cbc FF700200 		.word	159999
 3075 0cc0 34010000 		.word	.LC8
 3076 0cc4 68010000 		.word	.LC9
 3077 0cc8 98010000 		.word	.LC10
 3078 0ccc C8010000 		.word	.LC11
 3079 0cd0 F0010000 		.word	.LC12
 3080 0cd4 14020000 		.word	.LC13
 3081 0cd8 00000000 		.word	delay_buffer
 3082 0cdc 3C020000 		.word	.LC14
 3083 0ce0 64020000 		.word	.LC15
 3084 0ce4 8C020000 		.word	.LC16
 3085 0ce8 B4020000 		.word	.LC17
 3086 0cec E0020000 		.word	.LC18
 3087              		.cfi_endproc
 3088              	.LFE0:
 3090              		.align	2
 3091              		.global	audiodelay_init
 3093              	audiodelay_init:
 3094              	.LFB1:
 289:../lab9-efectos.c **** 
 290:../lab9-efectos.c **** }
 291:../lab9-efectos.c **** 
 292:../lab9-efectos.c **** void audiodelay_init( audiodelay_t *buffer, uint16 size )
 293:../lab9-efectos.c **** {
 3095              		.loc 1 293 0
 3096              		.cfi_startproc
 3097              		@ Function supports interworking.
 3098              		@ args = 0, pretend = 0, frame = 16
 3099              		@ frame_needed = 1, uses_anonymous_args = 0
 3100 0cf0 0DC0A0E1 		mov	ip, sp
 3101              	.LCFI2:
 3102              		.cfi_def_cfa_register 12
 3103 0cf4 00D82DE9 		stmfd	sp!, {fp, ip, lr, pc}
 3104 0cf8 04B04CE2 		sub	fp, ip, #4
 3105              		.cfi_offset 14, -8
 3106              		.cfi_offset 13, -12
 3107              		.cfi_offset 11, -16
 3108              	.LCFI3:
 3109              		.cfi_def_cfa 11, 4
 3110 0cfc 10D04DE2 		sub	sp, sp, #16
 3111 0d00 18000BE5 		str	r0, [fp, #-24]
 3112 0d04 0130A0E1 		mov	r3, r1
 3113 0d08 BA314BE1 		strh	r3, [fp, #-26]	@ movhi
 294:../lab9-efectos.c **** 	uint16 i;
 295:../lab9-efectos.c **** 
 296:../lab9-efectos.c **** 	for( i=0; i<size; i++ )
 3114              		.loc 1 296 0
 3115 0d0c 0030A0E3 		mov	r3, #0
 3116 0d10 BE304BE1 		strh	r3, [fp, #-14]	@ movhi
 3117 0d14 0F0000EA 		b	.L36
 3118              	.L37:
 297:../lab9-efectos.c **** 	{
 298:../lab9-efectos.c **** 		buffer->ch0[i] = 0;
 3119              		.loc 1 298 0 discriminator 2
 3120 0d18 BE305BE1 		ldrh	r3, [fp, #-14]
 3121 0d1c 18201BE5 		ldr	r2, [fp, #-24]
 3122 0d20 8330A0E1 		mov	r3, r3, asl #1
 3123 0d24 033082E0 		add	r3, r2, r3
 3124 0d28 0020A0E3 		mov	r2, #0
 3125 0d2c B020C3E1 		strh	r2, [r3, #0]	@ movhi
 299:../lab9-efectos.c **** 		buffer->ch1[i] = 0;
 3126              		.loc 1 299 0 discriminator 2
 3127 0d30 BE305BE1 		ldrh	r3, [fp, #-14]
 3128 0d34 18201BE5 		ldr	r2, [fp, #-24]
 3129 0d38 7D3C83E2 		add	r3, r3, #32000
 3130 0d3c 8330A0E1 		mov	r3, r3, asl #1
 3131 0d40 033082E0 		add	r3, r2, r3
 3132 0d44 0020A0E3 		mov	r2, #0
 3133 0d48 B020C3E1 		strh	r2, [r3, #0]	@ movhi
 296:../lab9-efectos.c **** 	for( i=0; i<size; i++ )
 3134              		.loc 1 296 0 discriminator 2
 3135 0d4c BE305BE1 		ldrh	r3, [fp, #-14]	@ movhi
 3136 0d50 013083E2 		add	r3, r3, #1
 3137 0d54 BE304BE1 		strh	r3, [fp, #-14]	@ movhi
 3138              	.L36:
 296:../lab9-efectos.c **** 	for( i=0; i<size; i++ )
 3139              		.loc 1 296 0 is_stmt 0 discriminator 1
 3140 0d58 BE205BE1 		ldrh	r2, [fp, #-14]
 3141 0d5c BA315BE1 		ldrh	r3, [fp, #-26]
 3142 0d60 030052E1 		cmp	r2, r3
 3143 0d64 EBFFFF3A 		bcc	.L37
 300:../lab9-efectos.c **** 	}
 301:../lab9-efectos.c **** 	buffer->head = 0;
 3144              		.loc 1 301 0 is_stmt 1
 3145 0d68 18201BE5 		ldr	r2, [fp, #-24]
 3146 0d6c 30309FE5 		ldr	r3, .L38
 3147 0d70 0010A0E3 		mov	r1, #0
 3148 0d74 B31082E1 		strh	r1, [r2, r3]	@ movhi
 302:../lab9-efectos.c **** 	buffer->tail = 0;
 3149              		.loc 1 302 0
 3150 0d78 18201BE5 		ldr	r2, [fp, #-24]
 3151 0d7c 24309FE5 		ldr	r3, .L38+4
 3152 0d80 0010A0E3 		mov	r1, #0
 3153 0d84 B31082E1 		strh	r1, [r2, r3]	@ movhi
 303:../lab9-efectos.c **** 	buffer->size = size;
 3154              		.loc 1 303 0
 3155 0d88 18201BE5 		ldr	r2, [fp, #-24]
 3156 0d8c 7D3BA0E3 		mov	r3, #128000
 3157 0d90 BA115BE1 		ldrh	r1, [fp, #-26]	@ movhi
 3158 0d94 B31082E1 		strh	r1, [r2, r3]	@ movhi
 304:../lab9-efectos.c **** }
 3159              		.loc 1 304 0
 3160 0d98 0CD04BE2 		sub	sp, fp, #12
 3161 0d9c 00689DE8 		ldmfd	sp, {fp, sp, lr}
 3162 0da0 1EFF2FE1 		bx	lr
 3163              	.L39:
 3164              		.align	2
 3165              	.L38:
 3166 0da4 02F40100 		.word	128002
 3167 0da8 04F40100 		.word	128004
 3168              		.cfi_endproc
 3169              	.LFE1:
 3171              		.align	2
 3172              		.global	audiodelay_put
 3174              	audiodelay_put:
 3175              	.LFB2:
 305:../lab9-efectos.c **** 
 306:../lab9-efectos.c **** void audiodelay_put( audiodelay_t *buffer, int16 ch0, int16 ch1 )
 307:../lab9-efectos.c **** {
 3176              		.loc 1 307 0
 3177              		.cfi_startproc
 3178              		@ Function supports interworking.
 3179              		@ args = 0, pretend = 0, frame = 8
 3180              		@ frame_needed = 1, uses_anonymous_args = 0
 3181 0dac 0DC0A0E1 		mov	ip, sp
 3182              	.LCFI4:
 3183              		.cfi_def_cfa_register 12
 3184 0db0 00D82DE9 		stmfd	sp!, {fp, ip, lr, pc}
 3185 0db4 04B04CE2 		sub	fp, ip, #4
 3186              		.cfi_offset 14, -8
 3187              		.cfi_offset 13, -12
 3188              		.cfi_offset 11, -16
 3189              	.LCFI5:
 3190              		.cfi_def_cfa 11, 4
 3191 0db8 08D04DE2 		sub	sp, sp, #8
 3192 0dbc 10000BE5 		str	r0, [fp, #-16]
 3193 0dc0 0230A0E1 		mov	r3, r2
 3194 0dc4 B2114BE1 		strh	r1, [fp, #-18]	@ movhi
 3195 0dc8 B4314BE1 		strh	r3, [fp, #-20]	@ movhi
 308:../lab9-efectos.c **** 	buffer->ch0[buffer->head] = ch0;
 3196              		.loc 1 308 0
 3197 0dcc 10201BE5 		ldr	r2, [fp, #-16]
 3198 0dd0 98309FE5 		ldr	r3, .L42
 3199 0dd4 B33092E1 		ldrh	r3, [r2, r3]
 3200 0dd8 10201BE5 		ldr	r2, [fp, #-16]
 3201 0ddc 8330A0E1 		mov	r3, r3, asl #1
 3202 0de0 033082E0 		add	r3, r2, r3
 3203 0de4 B2215BE1 		ldrh	r2, [fp, #-18]	@ movhi
 3204 0de8 B020C3E1 		strh	r2, [r3, #0]	@ movhi
 309:../lab9-efectos.c **** 	buffer->ch1[buffer->head] = ch1;
 3205              		.loc 1 309 0
 3206 0dec 10201BE5 		ldr	r2, [fp, #-16]
 3207 0df0 78309FE5 		ldr	r3, .L42
 3208 0df4 B33092E1 		ldrh	r3, [r2, r3]
 3209 0df8 10201BE5 		ldr	r2, [fp, #-16]
 3210 0dfc 7D3C83E2 		add	r3, r3, #32000
 3211 0e00 8330A0E1 		mov	r3, r3, asl #1
 3212 0e04 033082E0 		add	r3, r2, r3
 3213 0e08 B4215BE1 		ldrh	r2, [fp, #-20]	@ movhi
 3214 0e0c B020C3E1 		strh	r2, [r3, #0]	@ movhi
 310:../lab9-efectos.c **** 	if( ++(buffer->head) == buffer->size )
 3215              		.loc 1 310 0
 3216 0e10 10201BE5 		ldr	r2, [fp, #-16]
 3217 0e14 54309FE5 		ldr	r3, .L42
 3218 0e18 B33092E1 		ldrh	r3, [r2, r3]
 3219 0e1c 013083E2 		add	r3, r3, #1
 3220 0e20 0338A0E1 		mov	r3, r3, asl #16
 3221 0e24 2318A0E1 		mov	r1, r3, lsr #16
 3222 0e28 10201BE5 		ldr	r2, [fp, #-16]
 3223 0e2c 3C309FE5 		ldr	r3, .L42
 3224 0e30 B31082E1 		strh	r1, [r2, r3]	@ movhi
 3225 0e34 10201BE5 		ldr	r2, [fp, #-16]
 3226 0e38 30309FE5 		ldr	r3, .L42
 3227 0e3c B32092E1 		ldrh	r2, [r2, r3]
 3228 0e40 10101BE5 		ldr	r1, [fp, #-16]
 3229 0e44 7D3BA0E3 		mov	r3, #128000
 3230 0e48 B33091E1 		ldrh	r3, [r1, r3]
 3231 0e4c 030052E1 		cmp	r2, r3
 3232 0e50 0300001A 		bne	.L40
 311:../lab9-efectos.c **** 		buffer->head = 0;
 3233              		.loc 1 311 0
 3234 0e54 10201BE5 		ldr	r2, [fp, #-16]
 3235 0e58 10309FE5 		ldr	r3, .L42
 3236 0e5c 0010A0E3 		mov	r1, #0
 3237 0e60 B31082E1 		strh	r1, [r2, r3]	@ movhi
 3238              	.L40:
 312:../lab9-efectos.c **** }
 3239              		.loc 1 312 0
 3240 0e64 0CD04BE2 		sub	sp, fp, #12
 3241 0e68 00689DE8 		ldmfd	sp, {fp, sp, lr}
 3242 0e6c 1EFF2FE1 		bx	lr
 3243              	.L43:
 3244              		.align	2
 3245              	.L42:
 3246 0e70 02F40100 		.word	128002
 3247              		.cfi_endproc
 3248              	.LFE2:
 3250              		.align	2
 3251              		.global	audiodelay_get
 3253              	audiodelay_get:
 3254              	.LFB3:
 313:../lab9-efectos.c **** 
 314:../lab9-efectos.c **** void audiodelay_get( audiodelay_t *buffer, int16 *ch0, int16 *ch1 )
 315:../lab9-efectos.c **** {
 3255              		.loc 1 315 0
 3256              		.cfi_startproc
 3257              		@ Function supports interworking.
 3258              		@ args = 0, pretend = 0, frame = 16
 3259              		@ frame_needed = 1, uses_anonymous_args = 0
 3260 0e74 0DC0A0E1 		mov	ip, sp
 3261              	.LCFI6:
 3262              		.cfi_def_cfa_register 12
 3263 0e78 00D82DE9 		stmfd	sp!, {fp, ip, lr, pc}
 3264 0e7c 04B04CE2 		sub	fp, ip, #4
 3265              		.cfi_offset 14, -8
 3266              		.cfi_offset 13, -12
 3267              		.cfi_offset 11, -16
 3268              	.LCFI7:
 3269              		.cfi_def_cfa 11, 4
 3270 0e80 10D04DE2 		sub	sp, sp, #16
 3271 0e84 10000BE5 		str	r0, [fp, #-16]
 3272 0e88 14100BE5 		str	r1, [fp, #-20]
 3273 0e8c 18200BE5 		str	r2, [fp, #-24]
 316:../lab9-efectos.c **** 	*ch0 = buffer->ch0[buffer->tail];
 3274              		.loc 1 316 0
 3275 0e90 10201BE5 		ldr	r2, [fp, #-16]
 3276 0e94 A0309FE5 		ldr	r3, .L46
 3277 0e98 B33092E1 		ldrh	r3, [r2, r3]
 3278 0e9c 10201BE5 		ldr	r2, [fp, #-16]
 3279 0ea0 8330A0E1 		mov	r3, r3, asl #1
 3280 0ea4 033082E0 		add	r3, r2, r3
 3281 0ea8 B020D3E1 		ldrh	r2, [r3, #0]
 3282 0eac 14301BE5 		ldr	r3, [fp, #-20]
 3283 0eb0 B020C3E1 		strh	r2, [r3, #0]	@ movhi
 317:../lab9-efectos.c **** 	*ch1 = buffer->ch1[buffer->tail];
 3284              		.loc 1 317 0
 3285 0eb4 10201BE5 		ldr	r2, [fp, #-16]
 3286 0eb8 7C309FE5 		ldr	r3, .L46
 3287 0ebc B33092E1 		ldrh	r3, [r2, r3]
 3288 0ec0 10201BE5 		ldr	r2, [fp, #-16]
 3289 0ec4 7D3C83E2 		add	r3, r3, #32000
 3290 0ec8 8330A0E1 		mov	r3, r3, asl #1
 3291 0ecc 033082E0 		add	r3, r2, r3
 3292 0ed0 B020D3E1 		ldrh	r2, [r3, #0]
 3293 0ed4 18301BE5 		ldr	r3, [fp, #-24]
 3294 0ed8 B020C3E1 		strh	r2, [r3, #0]	@ movhi
 318:../lab9-efectos.c **** 	if( ++(buffer->tail) == buffer->size )
 3295              		.loc 1 318 0
 3296 0edc 10201BE5 		ldr	r2, [fp, #-16]
 3297 0ee0 54309FE5 		ldr	r3, .L46
 3298 0ee4 B33092E1 		ldrh	r3, [r2, r3]
 3299 0ee8 013083E2 		add	r3, r3, #1
 3300 0eec 0338A0E1 		mov	r3, r3, asl #16
 3301 0ef0 2318A0E1 		mov	r1, r3, lsr #16
 3302 0ef4 10201BE5 		ldr	r2, [fp, #-16]
 3303 0ef8 3C309FE5 		ldr	r3, .L46
 3304 0efc B31082E1 		strh	r1, [r2, r3]	@ movhi
 3305 0f00 10201BE5 		ldr	r2, [fp, #-16]
 3306 0f04 30309FE5 		ldr	r3, .L46
 3307 0f08 B32092E1 		ldrh	r2, [r2, r3]
 3308 0f0c 10101BE5 		ldr	r1, [fp, #-16]
 3309 0f10 7D3BA0E3 		mov	r3, #128000
 3310 0f14 B33091E1 		ldrh	r3, [r1, r3]
 3311 0f18 030052E1 		cmp	r2, r3
 3312 0f1c 0300001A 		bne	.L44
 319:../lab9-efectos.c **** 		buffer->tail = 0;
 3313              		.loc 1 319 0
 3314 0f20 10201BE5 		ldr	r2, [fp, #-16]
 3315 0f24 10309FE5 		ldr	r3, .L46
 3316 0f28 0010A0E3 		mov	r1, #0
 3317 0f2c B31082E1 		strh	r1, [r2, r3]	@ movhi
 3318              	.L44:
 320:../lab9-efectos.c **** }
 3319              		.loc 1 320 0
 3320 0f30 0CD04BE2 		sub	sp, fp, #12
 3321 0f34 00689DE8 		ldmfd	sp, {fp, sp, lr}
 3322 0f38 1EFF2FE1 		bx	lr
 3323              	.L47:
 3324              		.align	2
 3325              	.L46:
 3326 0f3c 04F40100 		.word	128004
 3327              		.cfi_endproc
 3328              	.LFE3:
 3330              	.Letext0:
DEFINED SYMBOLS
                            *ABS*:00000000 lab9-efectos.c
                            *COM*:0009c400 buffer
                            *COM*:0001f406 delay_buffer
C:\Users\USUARI~2\AppData\Local\Temp\cci1G3NZ.s:1875   .data:00000000 triangle
C:\Users\USUARI~2\AppData\Local\Temp\cci1G3NZ.s:1872   .data:00000000 $d
C:\Users\USUARI~2\AppData\Local\Temp\cci1G3NZ.s:1916   .data:00000048 square
C:\Users\USUARI~2\AppData\Local\Temp\cci1G3NZ.s:1957   .data:00000090 sine
C:\Users\USUARI~2\AppData\Local\Temp\cci1G3NZ.s:1995   .rodata:00000000 $d
C:\Users\USUARI~2\AppData\Local\Temp\cci1G3NZ.s:2057   .text:00000000 $a
C:\Users\USUARI~2\AppData\Local\Temp\cci1G3NZ.s:2060   .text:00000000 main
C:\Users\USUARI~2\AppData\Local\Temp\cci1G3NZ.s:3093   .text:00000cf0 audiodelay_init
C:\Users\USUARI~2\AppData\Local\Temp\cci1G3NZ.s:3253   .text:00000e74 audiodelay_get
C:\Users\USUARI~2\AppData\Local\Temp\cci1G3NZ.s:3174   .text:00000dac audiodelay_put
C:\Users\USUARI~2\AppData\Local\Temp\cci1G3NZ.s:3061   .text:00000c88 $d
C:\Users\USUARI~2\AppData\Local\Temp\cci1G3NZ.s:3090   .text:00000cf0 $a
C:\Users\USUARI~2\AppData\Local\Temp\cci1G3NZ.s:3166   .text:00000da4 $d
C:\Users\USUARI~2\AppData\Local\Temp\cci1G3NZ.s:3171   .text:00000dac $a
C:\Users\USUARI~2\AppData\Local\Temp\cci1G3NZ.s:3246   .text:00000e70 $d
C:\Users\USUARI~2\AppData\Local\Temp\cci1G3NZ.s:3250   .text:00000e74 $a
C:\Users\USUARI~2\AppData\Local\Temp\cci1G3NZ.s:3326   .text:00000f3c $d
                     .debug_frame:00000010 $d

UNDEFINED SYMBOLS
sys_init
uart0_init
segs_init
keypad_init
uda1341ts_init
iis_init
uda1341ts_setvol
uart0_puts
iis_putSample
keypad_pressed
keypad_getchar
segs_putchar
iis_getSample
segs_off
