   1              		.cpu arm7tdmi
   2              		.fpu softvfp
   3              		.eabi_attribute 20, 1
   4              		.eabi_attribute 21, 1
   5              		.eabi_attribute 23, 3
   6              		.eabi_attribute 24, 1
   7              		.eabi_attribute 25, 1
   8              		.eabi_attribute 26, 1
   9              		.eabi_attribute 30, 6
  10              		.eabi_attribute 18, 4
  11              		.file	"lab10.c"
  21              	.Ltext0:
  22              		.file 1 "../lab10.c"
 1807              		.align	2
 1808              	.LC0:
 1809 0000 0A0A5075 		.ascii	"\012\012Pulse la pantalla LCD:\012\000"
 1809      6C736520 
 1809      6C612070 
 1809      616E7461 
 1809      6C6C6120 
 1810 001a 0000     		.align	2
 1811              	.LC1:
 1812 001c 20202D20 		.ascii	"  - Ha pulsado en la posicion (\000"
 1812      48612070 
 1812      756C7361 
 1812      646F2065 
 1812      6E206C61 
 1813              		.align	2
 1814              	.LC2:
 1815 003c 2C2000   		.ascii	", \000"
 1816 003f 00       		.align	2
 1817              	.LC3:
 1818 0040 29206475 		.ascii	") durante \000"
 1818      72616E74 
 1818      652000
 1819 004b 00       		.align	2
 1820              	.LC4:
 1821 004c 206D730A 		.ascii	" ms\012\000"
 1821      00
 1822 0051 000000   		.text
 1823              		.align	2
 1824              		.global	main
 1826              	main:
 1827              	.LFB0:
   1:../lab10.c    **** /*-------------------------------------------------------------------
   2:../lab10.c    **** **
   3:../lab10.c    **** **  Fichero:
   4:../lab10.c    **** **    lab10.c  11/3/2015
   5:../lab10.c    **** **
   6:../lab10.c    **** **    (c) J.M. Mendias
   7:../lab10.c    **** **    Programación de Sistemas y Dispositivos
   8:../lab10.c    **** **    Facultad de Informática. Universidad Complutense de Madrid
   9:../lab10.c    **** **
  10:../lab10.c    **** **  Propósito:
  11:../lab10.c    **** **    Test del laboratorio 10
  12:../lab10.c    **** **
  13:../lab10.c    **** **  Notas de diseño:
  14:../lab10.c    **** **
  15:../lab10.c    **** **-----------------------------------------------------------------*/
  16:../lab10.c    **** 
  17:../lab10.c    **** #include <s3c44b0x.h>
  18:../lab10.c    **** #include <common_types.h>
  19:../lab10.c    **** #include <system.h>
  20:../lab10.c    **** #include <uart.h>
  21:../lab10.c    **** #include <timers.h>
  22:../lab10.c    **** #include <lcd.h>
  23:../lab10.c    **** #include <ts.h>
  24:../lab10.c    **** 
  25:../lab10.c    **** void lcd_draw_grid( void );
  26:../lab10.c    **** 
  27:../lab10.c    **** void main( void )
  28:../lab10.c    **** {
 1828              		.loc 1 28 0
 1829              		.cfi_startproc
 1830              		@ Function supports interworking.
 1831              		@ args = 0, pretend = 0, frame = 8
 1832              		@ frame_needed = 1, uses_anonymous_args = 0
 1833 0000 0DC0A0E1 		mov	ip, sp
 1834              	.LCFI0:
 1835              		.cfi_def_cfa_register 12
 1836 0004 00D82DE9 		stmfd	sp!, {fp, ip, lr, pc}
 1837 0008 04B04CE2 		sub	fp, ip, #4
 1838              		.cfi_offset 14, -8
 1839              		.cfi_offset 13, -12
 1840              		.cfi_offset 11, -16
 1841              	.LCFI1:
 1842              		.cfi_def_cfa 11, 4
 1843 000c 08D04DE2 		sub	sp, sp, #8
  29:../lab10.c    ****     uint16 x, y, ms;
  30:../lab10.c    **** 
  31:../lab10.c    ****     sys_init();
 1844              		.loc 1 31 0
 1845 0010 FEFFFFEB 		bl	sys_init
  32:../lab10.c    ****     uart0_init();
 1846              		.loc 1 32 0
 1847 0014 FEFFFFEB 		bl	uart0_init
  33:../lab10.c    ****     timers_init();
 1848              		.loc 1 33 0
 1849 0018 FEFFFFEB 		bl	timers_init
  34:../lab10.c    ****     lcd_init();
 1850              		.loc 1 34 0
 1851 001c FEFFFFEB 		bl	lcd_init
  35:../lab10.c    ****     ts_init();
 1852              		.loc 1 35 0
 1853 0020 FEFFFFEB 		bl	ts_init
  36:../lab10.c    ****     
  37:../lab10.c    ****     lcd_clear();
 1854              		.loc 1 37 0
 1855 0024 FEFFFFEB 		bl	lcd_clear
  38:../lab10.c    ****     lcd_on();
 1856              		.loc 1 38 0
 1857 0028 FEFFFFEB 		bl	lcd_on
  39:../lab10.c    ****     ts_on();
 1858              		.loc 1 39 0
 1859 002c FEFFFFEB 		bl	ts_on
  40:../lab10.c    ****     lcd_draw_grid();
 1860              		.loc 1 40 0
 1861 0030 FEFFFFEB 		bl	lcd_draw_grid
  41:../lab10.c    ****     
  42:../lab10.c    ****     uart0_puts( "\n\nPulse la pantalla LCD:\n" );
 1862              		.loc 1 42 0
 1863 0034 D4069FE5 		ldr	r0, .L23
 1864 0038 FEFFFFEB 		bl	uart0_puts
 1865 003c 060000EA 		b	.L18
 1866              	.L19:
  43:../lab10.c    **** 
  44:../lab10.c    ****     while( 1 )
  45:../lab10.c    ****     {
  46:../lab10.c    ****         ts_getpostime( &x, &y, &ms );
  47:../lab10.c    ****         uart0_puts( "  - Ha pulsado en la posicion (" );
  48:../lab10.c    ****         uart0_putint( x );
  49:../lab10.c    ****         uart0_puts( ", " );
  50:../lab10.c    ****         uart0_putint( y );
  51:../lab10.c    ****         uart0_puts( ") durante " );
  52:../lab10.c    ****         uart0_putint( ms );
  53:../lab10.c    ****         uart0_puts( " ms\n" );
  54:../lab10.c    ****         if( x>0 && y>0 && x<79 && y<59 )
  55:../lab10.c    ****         {
  56:../lab10.c    ****             lcd_putchar_x2(  32,  16, WHITE, '0' );    
  57:../lab10.c    ****             sw_delay_ms( 200 );
  58:../lab10.c    ****             lcd_putchar_x2(  32,  16, BLACK, '0' );    
  59:../lab10.c    ****         } 
  60:../lab10.c    ****         else if( x>79 && y>0 && x<159 && y<59 )
  61:../lab10.c    ****         {
  62:../lab10.c    ****             lcd_putchar_x2( 112,  16, WHITE, '1' );
  63:../lab10.c    ****             sw_delay_ms( 200 );
  64:../lab10.c    ****             lcd_putchar_x2( 112,  16, BLACK, '1' );
  65:../lab10.c    ****         } 
  66:../lab10.c    ****         else if( x>159 && y>0 && x<239 && y<59 )
  67:../lab10.c    ****         {
  68:../lab10.c    ****             lcd_putchar_x2( 192,  16, WHITE, '2' );        
  69:../lab10.c    ****             sw_delay_ms( 200 );
  70:../lab10.c    ****             lcd_putchar_x2( 192,  16, BLACK, '2' );
  71:../lab10.c    ****         }
  72:../lab10.c    ****         else if( x>239 && y>0 && x<319 && y<59 )
  73:../lab10.c    ****         {        
  74:../lab10.c    ****             lcd_putchar_x2( 272,  16, WHITE, '3' );        
  75:../lab10.c    ****             sw_delay_ms( 200 );
  76:../lab10.c    ****             lcd_putchar_x2( 272,  16, BLACK, '3' );
  77:../lab10.c    ****         }
  78:../lab10.c    ****         else if( x>0 && y>59 && x<79 && y<119 )
  79:../lab10.c    ****         {                    
  80:../lab10.c    ****             lcd_putchar_x2(  32,  76, WHITE, '4' );
  81:../lab10.c    ****             sw_delay_ms( 200 );
  82:../lab10.c    ****             lcd_putchar_x2(  32,  76, BLACK, '4' );                            
  83:../lab10.c    ****         }
  84:../lab10.c    ****         else if( x>79 && y>59 && x<159 && y<119 )
  85:../lab10.c    ****         {    
  86:../lab10.c    ****             lcd_putchar_x2( 112,  76, WHITE, '5' );
  87:../lab10.c    ****             sw_delay_ms( 200 );
  88:../lab10.c    ****             lcd_putchar_x2( 112,  76, BLACK, '5' );
  89:../lab10.c    ****         }
  90:../lab10.c    ****         else if( x>159 && y>59 && x<239 && y<119 )
  91:../lab10.c    ****         {
  92:../lab10.c    ****             lcd_putchar_x2( 192,  76, WHITE, '6' );
  93:../lab10.c    ****             sw_delay_ms( 200 );
  94:../lab10.c    ****             lcd_putchar_x2( 192,  76, BLACK, '6' );
  95:../lab10.c    ****         }
  96:../lab10.c    ****         else if( x>239 && y>59 && x<319 && y<119 )
  97:../lab10.c    ****         {        
  98:../lab10.c    ****             lcd_putchar_x2( 272,  76, WHITE, '7' );
  99:../lab10.c    ****             sw_delay_ms( 200 );
 100:../lab10.c    ****             lcd_putchar_x2( 272,  76, BLACK, '7' );
 101:../lab10.c    ****         }
 102:../lab10.c    ****         else if( x>0 && y>119 && x<79 && y<179 )
 103:../lab10.c    ****         {        
 104:../lab10.c    ****             lcd_putchar_x2(  32, 136, WHITE, '8' );
 105:../lab10.c    ****             sw_delay_ms( 200 );
 106:../lab10.c    ****             lcd_putchar_x2(  32, 136, BLACK, '8' );
 107:../lab10.c    ****         }
 108:../lab10.c    ****         else if( x>79 && y>119 && x<159 && y<179 )
 109:../lab10.c    ****         {
 110:../lab10.c    ****             lcd_putchar_x2( 112, 136, WHITE, '9' );        
 111:../lab10.c    ****             sw_delay_ms( 200 );
 112:../lab10.c    ****             lcd_putchar_x2( 112, 136, BLACK, '9' );        
 113:../lab10.c    ****         }
 114:../lab10.c    ****         else if( x>159 && y>119 && x<239 && y<179 )
 115:../lab10.c    ****         {
 116:../lab10.c    ****             lcd_putchar_x2( 192, 136, WHITE, 'A' );        
 117:../lab10.c    ****             sw_delay_ms( 200 );
 118:../lab10.c    ****             lcd_putchar_x2( 192, 136, BLACK, 'A' );        
 119:../lab10.c    ****         }
 120:../lab10.c    ****         else if( x>239 && y>119 && x<319 && y<179 )
 121:../lab10.c    ****         {
 122:../lab10.c    ****             lcd_putchar_x2( 272, 136, WHITE, 'B' );
 123:../lab10.c    ****             sw_delay_ms( 200 );
 124:../lab10.c    ****             lcd_putchar_x2( 272, 136, BLACK, 'B' );
 125:../lab10.c    ****         }
 126:../lab10.c    ****         else if( x>0 && y>179 && x<79 && y<239 )
 127:../lab10.c    ****         {
 128:../lab10.c    ****             lcd_putchar_x2(  32, 196, WHITE, 'C' );
 129:../lab10.c    ****             sw_delay_ms( 200 );
 130:../lab10.c    ****             lcd_putchar_x2(  32, 196, BLACK, 'C' );
 131:../lab10.c    ****         }
 132:../lab10.c    ****         else if( x>79 && y>179 && x<159 && y<239 )
 133:../lab10.c    ****         {
 134:../lab10.c    ****             lcd_putchar_x2( 112, 196, WHITE, 'D' );
 135:../lab10.c    ****             sw_delay_ms( 200 );
 136:../lab10.c    ****             lcd_putchar_x2( 112, 196, BLACK, 'D' );
 137:../lab10.c    ****         }
 138:../lab10.c    ****         else if( x>159 && y>179 && x<239 && y<239 )
 139:../lab10.c    ****         {
 140:../lab10.c    ****             lcd_putchar_x2( 192, 196, WHITE, 'E' );
 141:../lab10.c    ****             sw_delay_ms( 200 );
 142:../lab10.c    ****             lcd_putchar_x2( 192, 196, BLACK, 'E' );
 143:../lab10.c    ****         }
 144:../lab10.c    ****         else if( x>239 && y>179 && x<319 && y<239 )
 145:../lab10.c    ****         {
 146:../lab10.c    ****             lcd_putchar_x2( 272, 196, WHITE, 'F' );
 147:../lab10.c    ****             sw_delay_ms( 200 );
 148:../lab10.c    ****             lcd_putchar_x2( 272, 196, BLACK, 'F' );
 149:../lab10.c    ****         }
 150:../lab10.c    ****     }
 1867              		.loc 1 150 0
 1868 0040 0000A0E1 		mov	r0, r0	@ nop
 1869 0044 040000EA 		b	.L18
 1870              	.L20:
 1871 0048 0000A0E1 		mov	r0, r0	@ nop
 1872 004c 020000EA 		b	.L18
 1873              	.L21:
 1874 0050 0000A0E1 		mov	r0, r0	@ nop
 1875 0054 000000EA 		b	.L18
 1876              	.L22:
 1877 0058 0000A0E1 		mov	r0, r0	@ nop
 1878              	.L18:
  46:../lab10.c    ****         ts_getpostime( &x, &y, &ms );
 1879              		.loc 1 46 0
 1880 005c 0E104BE2 		sub	r1, fp, #14
 1881 0060 10204BE2 		sub	r2, fp, #16
 1882 0064 12304BE2 		sub	r3, fp, #18
 1883 0068 0100A0E1 		mov	r0, r1
 1884 006c 0210A0E1 		mov	r1, r2
 1885 0070 0320A0E1 		mov	r2, r3
 1886 0074 FEFFFFEB 		bl	ts_getpostime
  47:../lab10.c    ****         uart0_puts( "  - Ha pulsado en la posicion (" );
 1887              		.loc 1 47 0
 1888 0078 94069FE5 		ldr	r0, .L23+4
 1889 007c FEFFFFEB 		bl	uart0_puts
  48:../lab10.c    ****         uart0_putint( x );
 1890              		.loc 1 48 0
 1891 0080 BE305BE1 		ldrh	r3, [fp, #-14]
 1892 0084 0300A0E1 		mov	r0, r3
 1893 0088 FEFFFFEB 		bl	uart0_putint
  49:../lab10.c    ****         uart0_puts( ", " );
 1894              		.loc 1 49 0
 1895 008c 84069FE5 		ldr	r0, .L23+8
 1896 0090 FEFFFFEB 		bl	uart0_puts
  50:../lab10.c    ****         uart0_putint( y );
 1897              		.loc 1 50 0
 1898 0094 B0315BE1 		ldrh	r3, [fp, #-16]
 1899 0098 0300A0E1 		mov	r0, r3
 1900 009c FEFFFFEB 		bl	uart0_putint
  51:../lab10.c    ****         uart0_puts( ") durante " );
 1901              		.loc 1 51 0
 1902 00a0 74069FE5 		ldr	r0, .L23+12
 1903 00a4 FEFFFFEB 		bl	uart0_puts
  52:../lab10.c    ****         uart0_putint( ms );
 1904              		.loc 1 52 0
 1905 00a8 B2315BE1 		ldrh	r3, [fp, #-18]
 1906 00ac 0300A0E1 		mov	r0, r3
 1907 00b0 FEFFFFEB 		bl	uart0_putint
  53:../lab10.c    ****         uart0_puts( " ms\n" );
 1908              		.loc 1 53 0
 1909 00b4 64069FE5 		ldr	r0, .L23+16
 1910 00b8 FEFFFFEB 		bl	uart0_puts
  54:../lab10.c    ****         if( x>0 && y>0 && x<79 && y<59 )
 1911              		.loc 1 54 0
 1912 00bc BE305BE1 		ldrh	r3, [fp, #-14]
 1913 00c0 000053E3 		cmp	r3, #0
 1914 00c4 1500000A 		beq	.L2
  54:../lab10.c    ****         if( x>0 && y>0 && x<79 && y<59 )
 1915              		.loc 1 54 0 is_stmt 0 discriminator 1
 1916 00c8 B0315BE1 		ldrh	r3, [fp, #-16]
 1917 00cc 000053E3 		cmp	r3, #0
 1918 00d0 1200000A 		beq	.L2
 1919 00d4 BE305BE1 		ldrh	r3, [fp, #-14]
 1920 00d8 4E0053E3 		cmp	r3, #78
 1921 00dc 0F00008A 		bhi	.L2
 1922 00e0 B0315BE1 		ldrh	r3, [fp, #-16]
 1923 00e4 3A0053E3 		cmp	r3, #58
 1924 00e8 0C00008A 		bhi	.L2
  56:../lab10.c    ****             lcd_putchar_x2(  32,  16, WHITE, '0' );    
 1925              		.loc 1 56 0 is_stmt 1
 1926 00ec 2000A0E3 		mov	r0, #32
 1927 00f0 1010A0E3 		mov	r1, #16
 1928 00f4 0020A0E3 		mov	r2, #0
 1929 00f8 3030A0E3 		mov	r3, #48
 1930 00fc FEFFFFEB 		bl	lcd_putchar_x2
  57:../lab10.c    ****             sw_delay_ms( 200 );
 1931              		.loc 1 57 0
 1932 0100 C800A0E3 		mov	r0, #200
 1933 0104 FEFFFFEB 		bl	sw_delay_ms
  58:../lab10.c    ****             lcd_putchar_x2(  32,  16, BLACK, '0' );    
 1934              		.loc 1 58 0
 1935 0108 2000A0E3 		mov	r0, #32
 1936 010c 1010A0E3 		mov	r1, #16
 1937 0110 0F20A0E3 		mov	r2, #15
 1938 0114 3030A0E3 		mov	r3, #48
 1939 0118 FEFFFFEB 		bl	lcd_putchar_x2
 1940 011c 7A0100EA 		b	.L3
 1941              	.L2:
  60:../lab10.c    ****         else if( x>79 && y>0 && x<159 && y<59 )
 1942              		.loc 1 60 0
 1943 0120 BE305BE1 		ldrh	r3, [fp, #-14]
 1944 0124 4F0053E3 		cmp	r3, #79
 1945 0128 1500009A 		bls	.L4
  60:../lab10.c    ****         else if( x>79 && y>0 && x<159 && y<59 )
 1946              		.loc 1 60 0 is_stmt 0 discriminator 1
 1947 012c B0315BE1 		ldrh	r3, [fp, #-16]
 1948 0130 000053E3 		cmp	r3, #0
 1949 0134 1200000A 		beq	.L4
 1950 0138 BE305BE1 		ldrh	r3, [fp, #-14]
 1951 013c 9E0053E3 		cmp	r3, #158
 1952 0140 0F00008A 		bhi	.L4
 1953 0144 B0315BE1 		ldrh	r3, [fp, #-16]
 1954 0148 3A0053E3 		cmp	r3, #58
 1955 014c 0C00008A 		bhi	.L4
  62:../lab10.c    ****             lcd_putchar_x2( 112,  16, WHITE, '1' );
 1956              		.loc 1 62 0 is_stmt 1
 1957 0150 7000A0E3 		mov	r0, #112
 1958 0154 1010A0E3 		mov	r1, #16
 1959 0158 0020A0E3 		mov	r2, #0
 1960 015c 3130A0E3 		mov	r3, #49
 1961 0160 FEFFFFEB 		bl	lcd_putchar_x2
  63:../lab10.c    ****             sw_delay_ms( 200 );
 1962              		.loc 1 63 0
 1963 0164 C800A0E3 		mov	r0, #200
 1964 0168 FEFFFFEB 		bl	sw_delay_ms
  64:../lab10.c    ****             lcd_putchar_x2( 112,  16, BLACK, '1' );
 1965              		.loc 1 64 0
 1966 016c 7000A0E3 		mov	r0, #112
 1967 0170 1010A0E3 		mov	r1, #16
 1968 0174 0F20A0E3 		mov	r2, #15
 1969 0178 3130A0E3 		mov	r3, #49
 1970 017c FEFFFFEB 		bl	lcd_putchar_x2
 1971 0180 610100EA 		b	.L3
 1972              	.L4:
  66:../lab10.c    ****         else if( x>159 && y>0 && x<239 && y<59 )
 1973              		.loc 1 66 0
 1974 0184 BE305BE1 		ldrh	r3, [fp, #-14]
 1975 0188 9F0053E3 		cmp	r3, #159
 1976 018c 1500009A 		bls	.L5
  66:../lab10.c    ****         else if( x>159 && y>0 && x<239 && y<59 )
 1977              		.loc 1 66 0 is_stmt 0 discriminator 1
 1978 0190 B0315BE1 		ldrh	r3, [fp, #-16]
 1979 0194 000053E3 		cmp	r3, #0
 1980 0198 1200000A 		beq	.L5
 1981 019c BE305BE1 		ldrh	r3, [fp, #-14]
 1982 01a0 EE0053E3 		cmp	r3, #238
 1983 01a4 0F00008A 		bhi	.L5
 1984 01a8 B0315BE1 		ldrh	r3, [fp, #-16]
 1985 01ac 3A0053E3 		cmp	r3, #58
 1986 01b0 0C00008A 		bhi	.L5
  68:../lab10.c    ****             lcd_putchar_x2( 192,  16, WHITE, '2' );        
 1987              		.loc 1 68 0 is_stmt 1
 1988 01b4 C000A0E3 		mov	r0, #192
 1989 01b8 1010A0E3 		mov	r1, #16
 1990 01bc 0020A0E3 		mov	r2, #0
 1991 01c0 3230A0E3 		mov	r3, #50
 1992 01c4 FEFFFFEB 		bl	lcd_putchar_x2
  69:../lab10.c    ****             sw_delay_ms( 200 );
 1993              		.loc 1 69 0
 1994 01c8 C800A0E3 		mov	r0, #200
 1995 01cc FEFFFFEB 		bl	sw_delay_ms
  70:../lab10.c    ****             lcd_putchar_x2( 192,  16, BLACK, '2' );
 1996              		.loc 1 70 0
 1997 01d0 C000A0E3 		mov	r0, #192
 1998 01d4 1010A0E3 		mov	r1, #16
 1999 01d8 0F20A0E3 		mov	r2, #15
 2000 01dc 3230A0E3 		mov	r3, #50
 2001 01e0 FEFFFFEB 		bl	lcd_putchar_x2
 2002 01e4 480100EA 		b	.L3
 2003              	.L5:
  72:../lab10.c    ****         else if( x>239 && y>0 && x<319 && y<59 )
 2004              		.loc 1 72 0
 2005 01e8 BE305BE1 		ldrh	r3, [fp, #-14]
 2006 01ec EF0053E3 		cmp	r3, #239
 2007 01f0 1600009A 		bls	.L6
  72:../lab10.c    ****         else if( x>239 && y>0 && x<319 && y<59 )
 2008              		.loc 1 72 0 is_stmt 0 discriminator 1
 2009 01f4 B0315BE1 		ldrh	r3, [fp, #-16]
 2010 01f8 000053E3 		cmp	r3, #0
 2011 01fc 1300000A 		beq	.L6
 2012 0200 BE205BE1 		ldrh	r2, [fp, #-14]
 2013 0204 18359FE5 		ldr	r3, .L23+20
 2014 0208 030052E1 		cmp	r2, r3
 2015 020c 0F00008A 		bhi	.L6
 2016 0210 B0315BE1 		ldrh	r3, [fp, #-16]
 2017 0214 3A0053E3 		cmp	r3, #58
 2018 0218 0C00008A 		bhi	.L6
  74:../lab10.c    ****             lcd_putchar_x2( 272,  16, WHITE, '3' );        
 2019              		.loc 1 74 0 is_stmt 1
 2020 021c 110EA0E3 		mov	r0, #272
 2021 0220 1010A0E3 		mov	r1, #16
 2022 0224 0020A0E3 		mov	r2, #0
 2023 0228 3330A0E3 		mov	r3, #51
 2024 022c FEFFFFEB 		bl	lcd_putchar_x2
  75:../lab10.c    ****             sw_delay_ms( 200 );
 2025              		.loc 1 75 0
 2026 0230 C800A0E3 		mov	r0, #200
 2027 0234 FEFFFFEB 		bl	sw_delay_ms
  76:../lab10.c    ****             lcd_putchar_x2( 272,  16, BLACK, '3' );
 2028              		.loc 1 76 0
 2029 0238 110EA0E3 		mov	r0, #272
 2030 023c 1010A0E3 		mov	r1, #16
 2031 0240 0F20A0E3 		mov	r2, #15
 2032 0244 3330A0E3 		mov	r3, #51
 2033 0248 FEFFFFEB 		bl	lcd_putchar_x2
 2034 024c 2E0100EA 		b	.L3
 2035              	.L6:
  78:../lab10.c    ****         else if( x>0 && y>59 && x<79 && y<119 )
 2036              		.loc 1 78 0
 2037 0250 BE305BE1 		ldrh	r3, [fp, #-14]
 2038 0254 000053E3 		cmp	r3, #0
 2039 0258 1500000A 		beq	.L7
  78:../lab10.c    ****         else if( x>0 && y>59 && x<79 && y<119 )
 2040              		.loc 1 78 0 is_stmt 0 discriminator 1
 2041 025c B0315BE1 		ldrh	r3, [fp, #-16]
 2042 0260 3B0053E3 		cmp	r3, #59
 2043 0264 1200009A 		bls	.L7
 2044 0268 BE305BE1 		ldrh	r3, [fp, #-14]
 2045 026c 4E0053E3 		cmp	r3, #78
 2046 0270 0F00008A 		bhi	.L7
 2047 0274 B0315BE1 		ldrh	r3, [fp, #-16]
 2048 0278 760053E3 		cmp	r3, #118
 2049 027c 0C00008A 		bhi	.L7
  80:../lab10.c    ****             lcd_putchar_x2(  32,  76, WHITE, '4' );
 2050              		.loc 1 80 0 is_stmt 1
 2051 0280 2000A0E3 		mov	r0, #32
 2052 0284 4C10A0E3 		mov	r1, #76
 2053 0288 0020A0E3 		mov	r2, #0
 2054 028c 3430A0E3 		mov	r3, #52
 2055 0290 FEFFFFEB 		bl	lcd_putchar_x2
  81:../lab10.c    ****             sw_delay_ms( 200 );
 2056              		.loc 1 81 0
 2057 0294 C800A0E3 		mov	r0, #200
 2058 0298 FEFFFFEB 		bl	sw_delay_ms
  82:../lab10.c    ****             lcd_putchar_x2(  32,  76, BLACK, '4' );                            
 2059              		.loc 1 82 0
 2060 029c 2000A0E3 		mov	r0, #32
 2061 02a0 4C10A0E3 		mov	r1, #76
 2062 02a4 0F20A0E3 		mov	r2, #15
 2063 02a8 3430A0E3 		mov	r3, #52
 2064 02ac FEFFFFEB 		bl	lcd_putchar_x2
 2065 02b0 150100EA 		b	.L3
 2066              	.L7:
  84:../lab10.c    ****         else if( x>79 && y>59 && x<159 && y<119 )
 2067              		.loc 1 84 0
 2068 02b4 BE305BE1 		ldrh	r3, [fp, #-14]
 2069 02b8 4F0053E3 		cmp	r3, #79
 2070 02bc 1500009A 		bls	.L8
  84:../lab10.c    ****         else if( x>79 && y>59 && x<159 && y<119 )
 2071              		.loc 1 84 0 is_stmt 0 discriminator 1
 2072 02c0 B0315BE1 		ldrh	r3, [fp, #-16]
 2073 02c4 3B0053E3 		cmp	r3, #59
 2074 02c8 1200009A 		bls	.L8
 2075 02cc BE305BE1 		ldrh	r3, [fp, #-14]
 2076 02d0 9E0053E3 		cmp	r3, #158
 2077 02d4 0F00008A 		bhi	.L8
 2078 02d8 B0315BE1 		ldrh	r3, [fp, #-16]
 2079 02dc 760053E3 		cmp	r3, #118
 2080 02e0 0C00008A 		bhi	.L8
  86:../lab10.c    ****             lcd_putchar_x2( 112,  76, WHITE, '5' );
 2081              		.loc 1 86 0 is_stmt 1
 2082 02e4 7000A0E3 		mov	r0, #112
 2083 02e8 4C10A0E3 		mov	r1, #76
 2084 02ec 0020A0E3 		mov	r2, #0
 2085 02f0 3530A0E3 		mov	r3, #53
 2086 02f4 FEFFFFEB 		bl	lcd_putchar_x2
  87:../lab10.c    ****             sw_delay_ms( 200 );
 2087              		.loc 1 87 0
 2088 02f8 C800A0E3 		mov	r0, #200
 2089 02fc FEFFFFEB 		bl	sw_delay_ms
  88:../lab10.c    ****             lcd_putchar_x2( 112,  76, BLACK, '5' );
 2090              		.loc 1 88 0
 2091 0300 7000A0E3 		mov	r0, #112
 2092 0304 4C10A0E3 		mov	r1, #76
 2093 0308 0F20A0E3 		mov	r2, #15
 2094 030c 3530A0E3 		mov	r3, #53
 2095 0310 FEFFFFEB 		bl	lcd_putchar_x2
 2096 0314 FC0000EA 		b	.L3
 2097              	.L8:
  90:../lab10.c    ****         else if( x>159 && y>59 && x<239 && y<119 )
 2098              		.loc 1 90 0
 2099 0318 BE305BE1 		ldrh	r3, [fp, #-14]
 2100 031c 9F0053E3 		cmp	r3, #159
 2101 0320 1500009A 		bls	.L9
  90:../lab10.c    ****         else if( x>159 && y>59 && x<239 && y<119 )
 2102              		.loc 1 90 0 is_stmt 0 discriminator 1
 2103 0324 B0315BE1 		ldrh	r3, [fp, #-16]
 2104 0328 3B0053E3 		cmp	r3, #59
 2105 032c 1200009A 		bls	.L9
 2106 0330 BE305BE1 		ldrh	r3, [fp, #-14]
 2107 0334 EE0053E3 		cmp	r3, #238
 2108 0338 0F00008A 		bhi	.L9
 2109 033c B0315BE1 		ldrh	r3, [fp, #-16]
 2110 0340 760053E3 		cmp	r3, #118
 2111 0344 0C00008A 		bhi	.L9
  92:../lab10.c    ****             lcd_putchar_x2( 192,  76, WHITE, '6' );
 2112              		.loc 1 92 0 is_stmt 1
 2113 0348 C000A0E3 		mov	r0, #192
 2114 034c 4C10A0E3 		mov	r1, #76
 2115 0350 0020A0E3 		mov	r2, #0
 2116 0354 3630A0E3 		mov	r3, #54
 2117 0358 FEFFFFEB 		bl	lcd_putchar_x2
  93:../lab10.c    ****             sw_delay_ms( 200 );
 2118              		.loc 1 93 0
 2119 035c C800A0E3 		mov	r0, #200
 2120 0360 FEFFFFEB 		bl	sw_delay_ms
  94:../lab10.c    ****             lcd_putchar_x2( 192,  76, BLACK, '6' );
 2121              		.loc 1 94 0
 2122 0364 C000A0E3 		mov	r0, #192
 2123 0368 4C10A0E3 		mov	r1, #76
 2124 036c 0F20A0E3 		mov	r2, #15
 2125 0370 3630A0E3 		mov	r3, #54
 2126 0374 FEFFFFEB 		bl	lcd_putchar_x2
 2127 0378 E30000EA 		b	.L3
 2128              	.L9:
  96:../lab10.c    ****         else if( x>239 && y>59 && x<319 && y<119 )
 2129              		.loc 1 96 0
 2130 037c BE305BE1 		ldrh	r3, [fp, #-14]
 2131 0380 EF0053E3 		cmp	r3, #239
 2132 0384 1600009A 		bls	.L10
  96:../lab10.c    ****         else if( x>239 && y>59 && x<319 && y<119 )
 2133              		.loc 1 96 0 is_stmt 0 discriminator 1
 2134 0388 B0315BE1 		ldrh	r3, [fp, #-16]
 2135 038c 3B0053E3 		cmp	r3, #59
 2136 0390 1300009A 		bls	.L10
 2137 0394 BE205BE1 		ldrh	r2, [fp, #-14]
 2138 0398 84339FE5 		ldr	r3, .L23+20
 2139 039c 030052E1 		cmp	r2, r3
 2140 03a0 0F00008A 		bhi	.L10
 2141 03a4 B0315BE1 		ldrh	r3, [fp, #-16]
 2142 03a8 760053E3 		cmp	r3, #118
 2143 03ac 0C00008A 		bhi	.L10
  98:../lab10.c    ****             lcd_putchar_x2( 272,  76, WHITE, '7' );
 2144              		.loc 1 98 0 is_stmt 1
 2145 03b0 110EA0E3 		mov	r0, #272
 2146 03b4 4C10A0E3 		mov	r1, #76
 2147 03b8 0020A0E3 		mov	r2, #0
 2148 03bc 3730A0E3 		mov	r3, #55
 2149 03c0 FEFFFFEB 		bl	lcd_putchar_x2
  99:../lab10.c    ****             sw_delay_ms( 200 );
 2150              		.loc 1 99 0
 2151 03c4 C800A0E3 		mov	r0, #200
 2152 03c8 FEFFFFEB 		bl	sw_delay_ms
 100:../lab10.c    ****             lcd_putchar_x2( 272,  76, BLACK, '7' );
 2153              		.loc 1 100 0
 2154 03cc 110EA0E3 		mov	r0, #272
 2155 03d0 4C10A0E3 		mov	r1, #76
 2156 03d4 0F20A0E3 		mov	r2, #15
 2157 03d8 3730A0E3 		mov	r3, #55
 2158 03dc FEFFFFEB 		bl	lcd_putchar_x2
 2159 03e0 C90000EA 		b	.L3
 2160              	.L10:
 102:../lab10.c    ****         else if( x>0 && y>119 && x<79 && y<179 )
 2161              		.loc 1 102 0
 2162 03e4 BE305BE1 		ldrh	r3, [fp, #-14]
 2163 03e8 000053E3 		cmp	r3, #0
 2164 03ec 1500000A 		beq	.L11
 102:../lab10.c    ****         else if( x>0 && y>119 && x<79 && y<179 )
 2165              		.loc 1 102 0 is_stmt 0 discriminator 1
 2166 03f0 B0315BE1 		ldrh	r3, [fp, #-16]
 2167 03f4 770053E3 		cmp	r3, #119
 2168 03f8 1200009A 		bls	.L11
 2169 03fc BE305BE1 		ldrh	r3, [fp, #-14]
 2170 0400 4E0053E3 		cmp	r3, #78
 2171 0404 0F00008A 		bhi	.L11
 2172 0408 B0315BE1 		ldrh	r3, [fp, #-16]
 2173 040c B20053E3 		cmp	r3, #178
 2174 0410 0C00008A 		bhi	.L11
 104:../lab10.c    ****             lcd_putchar_x2(  32, 136, WHITE, '8' );
 2175              		.loc 1 104 0 is_stmt 1
 2176 0414 2000A0E3 		mov	r0, #32
 2177 0418 8810A0E3 		mov	r1, #136
 2178 041c 0020A0E3 		mov	r2, #0
 2179 0420 3830A0E3 		mov	r3, #56
 2180 0424 FEFFFFEB 		bl	lcd_putchar_x2
 105:../lab10.c    ****             sw_delay_ms( 200 );
 2181              		.loc 1 105 0
 2182 0428 C800A0E3 		mov	r0, #200
 2183 042c FEFFFFEB 		bl	sw_delay_ms
 106:../lab10.c    ****             lcd_putchar_x2(  32, 136, BLACK, '8' );
 2184              		.loc 1 106 0
 2185 0430 2000A0E3 		mov	r0, #32
 2186 0434 8810A0E3 		mov	r1, #136
 2187 0438 0F20A0E3 		mov	r2, #15
 2188 043c 3830A0E3 		mov	r3, #56
 2189 0440 FEFFFFEB 		bl	lcd_putchar_x2
 2190 0444 B00000EA 		b	.L3
 2191              	.L11:
 108:../lab10.c    ****         else if( x>79 && y>119 && x<159 && y<179 )
 2192              		.loc 1 108 0
 2193 0448 BE305BE1 		ldrh	r3, [fp, #-14]
 2194 044c 4F0053E3 		cmp	r3, #79
 2195 0450 1500009A 		bls	.L12
 108:../lab10.c    ****         else if( x>79 && y>119 && x<159 && y<179 )
 2196              		.loc 1 108 0 is_stmt 0 discriminator 1
 2197 0454 B0315BE1 		ldrh	r3, [fp, #-16]
 2198 0458 770053E3 		cmp	r3, #119
 2199 045c 1200009A 		bls	.L12
 2200 0460 BE305BE1 		ldrh	r3, [fp, #-14]
 2201 0464 9E0053E3 		cmp	r3, #158
 2202 0468 0F00008A 		bhi	.L12
 2203 046c B0315BE1 		ldrh	r3, [fp, #-16]
 2204 0470 B20053E3 		cmp	r3, #178
 2205 0474 0C00008A 		bhi	.L12
 110:../lab10.c    ****             lcd_putchar_x2( 112, 136, WHITE, '9' );        
 2206              		.loc 1 110 0 is_stmt 1
 2207 0478 7000A0E3 		mov	r0, #112
 2208 047c 8810A0E3 		mov	r1, #136
 2209 0480 0020A0E3 		mov	r2, #0
 2210 0484 3930A0E3 		mov	r3, #57
 2211 0488 FEFFFFEB 		bl	lcd_putchar_x2
 111:../lab10.c    ****             sw_delay_ms( 200 );
 2212              		.loc 1 111 0
 2213 048c C800A0E3 		mov	r0, #200
 2214 0490 FEFFFFEB 		bl	sw_delay_ms
 112:../lab10.c    ****             lcd_putchar_x2( 112, 136, BLACK, '9' );        
 2215              		.loc 1 112 0
 2216 0494 7000A0E3 		mov	r0, #112
 2217 0498 8810A0E3 		mov	r1, #136
 2218 049c 0F20A0E3 		mov	r2, #15
 2219 04a0 3930A0E3 		mov	r3, #57
 2220 04a4 FEFFFFEB 		bl	lcd_putchar_x2
 2221 04a8 970000EA 		b	.L3
 2222              	.L12:
 114:../lab10.c    ****         else if( x>159 && y>119 && x<239 && y<179 )
 2223              		.loc 1 114 0
 2224 04ac BE305BE1 		ldrh	r3, [fp, #-14]
 2225 04b0 9F0053E3 		cmp	r3, #159
 2226 04b4 1500009A 		bls	.L13
 114:../lab10.c    ****         else if( x>159 && y>119 && x<239 && y<179 )
 2227              		.loc 1 114 0 is_stmt 0 discriminator 1
 2228 04b8 B0315BE1 		ldrh	r3, [fp, #-16]
 2229 04bc 770053E3 		cmp	r3, #119
 2230 04c0 1200009A 		bls	.L13
 2231 04c4 BE305BE1 		ldrh	r3, [fp, #-14]
 2232 04c8 EE0053E3 		cmp	r3, #238
 2233 04cc 0F00008A 		bhi	.L13
 2234 04d0 B0315BE1 		ldrh	r3, [fp, #-16]
 2235 04d4 B20053E3 		cmp	r3, #178
 2236 04d8 0C00008A 		bhi	.L13
 116:../lab10.c    ****             lcd_putchar_x2( 192, 136, WHITE, 'A' );        
 2237              		.loc 1 116 0 is_stmt 1
 2238 04dc C000A0E3 		mov	r0, #192
 2239 04e0 8810A0E3 		mov	r1, #136
 2240 04e4 0020A0E3 		mov	r2, #0
 2241 04e8 4130A0E3 		mov	r3, #65
 2242 04ec FEFFFFEB 		bl	lcd_putchar_x2
 117:../lab10.c    ****             sw_delay_ms( 200 );
 2243              		.loc 1 117 0
 2244 04f0 C800A0E3 		mov	r0, #200
 2245 04f4 FEFFFFEB 		bl	sw_delay_ms
 118:../lab10.c    ****             lcd_putchar_x2( 192, 136, BLACK, 'A' );        
 2246              		.loc 1 118 0
 2247 04f8 C000A0E3 		mov	r0, #192
 2248 04fc 8810A0E3 		mov	r1, #136
 2249 0500 0F20A0E3 		mov	r2, #15
 2250 0504 4130A0E3 		mov	r3, #65
 2251 0508 FEFFFFEB 		bl	lcd_putchar_x2
 2252 050c 7E0000EA 		b	.L3
 2253              	.L13:
 120:../lab10.c    ****         else if( x>239 && y>119 && x<319 && y<179 )
 2254              		.loc 1 120 0
 2255 0510 BE305BE1 		ldrh	r3, [fp, #-14]
 2256 0514 EF0053E3 		cmp	r3, #239
 2257 0518 1600009A 		bls	.L14
 120:../lab10.c    ****         else if( x>239 && y>119 && x<319 && y<179 )
 2258              		.loc 1 120 0 is_stmt 0 discriminator 1
 2259 051c B0315BE1 		ldrh	r3, [fp, #-16]
 2260 0520 770053E3 		cmp	r3, #119
 2261 0524 1300009A 		bls	.L14
 2262 0528 BE205BE1 		ldrh	r2, [fp, #-14]
 2263 052c F0319FE5 		ldr	r3, .L23+20
 2264 0530 030052E1 		cmp	r2, r3
 2265 0534 0F00008A 		bhi	.L14
 2266 0538 B0315BE1 		ldrh	r3, [fp, #-16]
 2267 053c B20053E3 		cmp	r3, #178
 2268 0540 0C00008A 		bhi	.L14
 122:../lab10.c    ****             lcd_putchar_x2( 272, 136, WHITE, 'B' );
 2269              		.loc 1 122 0 is_stmt 1
 2270 0544 110EA0E3 		mov	r0, #272
 2271 0548 8810A0E3 		mov	r1, #136
 2272 054c 0020A0E3 		mov	r2, #0
 2273 0550 4230A0E3 		mov	r3, #66
 2274 0554 FEFFFFEB 		bl	lcd_putchar_x2
 123:../lab10.c    ****             sw_delay_ms( 200 );
 2275              		.loc 1 123 0
 2276 0558 C800A0E3 		mov	r0, #200
 2277 055c FEFFFFEB 		bl	sw_delay_ms
 124:../lab10.c    ****             lcd_putchar_x2( 272, 136, BLACK, 'B' );
 2278              		.loc 1 124 0
 2279 0560 110EA0E3 		mov	r0, #272
 2280 0564 8810A0E3 		mov	r1, #136
 2281 0568 0F20A0E3 		mov	r2, #15
 2282 056c 4230A0E3 		mov	r3, #66
 2283 0570 FEFFFFEB 		bl	lcd_putchar_x2
 2284 0574 640000EA 		b	.L3
 2285              	.L14:
 126:../lab10.c    ****         else if( x>0 && y>179 && x<79 && y<239 )
 2286              		.loc 1 126 0
 2287 0578 BE305BE1 		ldrh	r3, [fp, #-14]
 2288 057c 000053E3 		cmp	r3, #0
 2289 0580 1500000A 		beq	.L15
 126:../lab10.c    ****         else if( x>0 && y>179 && x<79 && y<239 )
 2290              		.loc 1 126 0 is_stmt 0 discriminator 1
 2291 0584 B0315BE1 		ldrh	r3, [fp, #-16]
 2292 0588 B30053E3 		cmp	r3, #179
 2293 058c 1200009A 		bls	.L15
 2294 0590 BE305BE1 		ldrh	r3, [fp, #-14]
 2295 0594 4E0053E3 		cmp	r3, #78
 2296 0598 0F00008A 		bhi	.L15
 2297 059c B0315BE1 		ldrh	r3, [fp, #-16]
 2298 05a0 EE0053E3 		cmp	r3, #238
 2299 05a4 0C00008A 		bhi	.L15
 128:../lab10.c    ****             lcd_putchar_x2(  32, 196, WHITE, 'C' );
 2300              		.loc 1 128 0 is_stmt 1
 2301 05a8 2000A0E3 		mov	r0, #32
 2302 05ac C410A0E3 		mov	r1, #196
 2303 05b0 0020A0E3 		mov	r2, #0
 2304 05b4 4330A0E3 		mov	r3, #67
 2305 05b8 FEFFFFEB 		bl	lcd_putchar_x2
 129:../lab10.c    ****             sw_delay_ms( 200 );
 2306              		.loc 1 129 0
 2307 05bc C800A0E3 		mov	r0, #200
 2308 05c0 FEFFFFEB 		bl	sw_delay_ms
 130:../lab10.c    ****             lcd_putchar_x2(  32, 196, BLACK, 'C' );
 2309              		.loc 1 130 0
 2310 05c4 2000A0E3 		mov	r0, #32
 2311 05c8 C410A0E3 		mov	r1, #196
 2312 05cc 0F20A0E3 		mov	r2, #15
 2313 05d0 4330A0E3 		mov	r3, #67
 2314 05d4 FEFFFFEB 		bl	lcd_putchar_x2
 2315 05d8 4B0000EA 		b	.L3
 2316              	.L15:
 132:../lab10.c    ****         else if( x>79 && y>179 && x<159 && y<239 )
 2317              		.loc 1 132 0
 2318 05dc BE305BE1 		ldrh	r3, [fp, #-14]
 2319 05e0 4F0053E3 		cmp	r3, #79
 2320 05e4 1500009A 		bls	.L16
 132:../lab10.c    ****         else if( x>79 && y>179 && x<159 && y<239 )
 2321              		.loc 1 132 0 is_stmt 0 discriminator 1
 2322 05e8 B0315BE1 		ldrh	r3, [fp, #-16]
 2323 05ec B30053E3 		cmp	r3, #179
 2324 05f0 1200009A 		bls	.L16
 2325 05f4 BE305BE1 		ldrh	r3, [fp, #-14]
 2326 05f8 9E0053E3 		cmp	r3, #158
 2327 05fc 0F00008A 		bhi	.L16
 2328 0600 B0315BE1 		ldrh	r3, [fp, #-16]
 2329 0604 EE0053E3 		cmp	r3, #238
 2330 0608 0C00008A 		bhi	.L16
 134:../lab10.c    ****             lcd_putchar_x2( 112, 196, WHITE, 'D' );
 2331              		.loc 1 134 0 is_stmt 1
 2332 060c 7000A0E3 		mov	r0, #112
 2333 0610 C410A0E3 		mov	r1, #196
 2334 0614 0020A0E3 		mov	r2, #0
 2335 0618 4430A0E3 		mov	r3, #68
 2336 061c FEFFFFEB 		bl	lcd_putchar_x2
 135:../lab10.c    ****             sw_delay_ms( 200 );
 2337              		.loc 1 135 0
 2338 0620 C800A0E3 		mov	r0, #200
 2339 0624 FEFFFFEB 		bl	sw_delay_ms
 136:../lab10.c    ****             lcd_putchar_x2( 112, 196, BLACK, 'D' );
 2340              		.loc 1 136 0
 2341 0628 7000A0E3 		mov	r0, #112
 2342 062c C410A0E3 		mov	r1, #196
 2343 0630 0F20A0E3 		mov	r2, #15
 2344 0634 4430A0E3 		mov	r3, #68
 2345 0638 FEFFFFEB 		bl	lcd_putchar_x2
 2346 063c 320000EA 		b	.L3
 2347              	.L16:
 138:../lab10.c    ****         else if( x>159 && y>179 && x<239 && y<239 )
 2348              		.loc 1 138 0
 2349 0640 BE305BE1 		ldrh	r3, [fp, #-14]
 2350 0644 9F0053E3 		cmp	r3, #159
 2351 0648 1500009A 		bls	.L17
 138:../lab10.c    ****         else if( x>159 && y>179 && x<239 && y<239 )
 2352              		.loc 1 138 0 is_stmt 0 discriminator 1
 2353 064c B0315BE1 		ldrh	r3, [fp, #-16]
 2354 0650 B30053E3 		cmp	r3, #179
 2355 0654 1200009A 		bls	.L17
 2356 0658 BE305BE1 		ldrh	r3, [fp, #-14]
 2357 065c EE0053E3 		cmp	r3, #238
 2358 0660 0F00008A 		bhi	.L17
 2359 0664 B0315BE1 		ldrh	r3, [fp, #-16]
 2360 0668 EE0053E3 		cmp	r3, #238
 2361 066c 0C00008A 		bhi	.L17
 140:../lab10.c    ****             lcd_putchar_x2( 192, 196, WHITE, 'E' );
 2362              		.loc 1 140 0 is_stmt 1
 2363 0670 C000A0E3 		mov	r0, #192
 2364 0674 C410A0E3 		mov	r1, #196
 2365 0678 0020A0E3 		mov	r2, #0
 2366 067c 4530A0E3 		mov	r3, #69
 2367 0680 FEFFFFEB 		bl	lcd_putchar_x2
 141:../lab10.c    ****             sw_delay_ms( 200 );
 2368              		.loc 1 141 0
 2369 0684 C800A0E3 		mov	r0, #200
 2370 0688 FEFFFFEB 		bl	sw_delay_ms
 142:../lab10.c    ****             lcd_putchar_x2( 192, 196, BLACK, 'E' );
 2371              		.loc 1 142 0
 2372 068c C000A0E3 		mov	r0, #192
 2373 0690 C410A0E3 		mov	r1, #196
 2374 0694 0F20A0E3 		mov	r2, #15
 2375 0698 4530A0E3 		mov	r3, #69
 2376 069c FEFFFFEB 		bl	lcd_putchar_x2
 2377 06a0 190000EA 		b	.L3
 2378              	.L17:
 144:../lab10.c    ****         else if( x>239 && y>179 && x<319 && y<239 )
 2379              		.loc 1 144 0
 2380 06a4 BE305BE1 		ldrh	r3, [fp, #-14]
 2381 06a8 EF0053E3 		cmp	r3, #239
 2382 06ac 63FEFF9A 		bls	.L19
 144:../lab10.c    ****         else if( x>239 && y>179 && x<319 && y<239 )
 2383              		.loc 1 144 0 is_stmt 0 discriminator 1
 2384 06b0 B0315BE1 		ldrh	r3, [fp, #-16]
 2385 06b4 B30053E3 		cmp	r3, #179
 2386 06b8 62FEFF9A 		bls	.L20
 2387 06bc BE205BE1 		ldrh	r2, [fp, #-14]
 2388 06c0 5C309FE5 		ldr	r3, .L23+20
 2389 06c4 030052E1 		cmp	r2, r3
 2390 06c8 60FEFF8A 		bhi	.L21
 2391 06cc B0315BE1 		ldrh	r3, [fp, #-16]
 2392 06d0 EE0053E3 		cmp	r3, #238
 2393 06d4 5FFEFF8A 		bhi	.L22
 146:../lab10.c    ****             lcd_putchar_x2( 272, 196, WHITE, 'F' );
 2394              		.loc 1 146 0 is_stmt 1
 2395 06d8 110EA0E3 		mov	r0, #272
 2396 06dc C410A0E3 		mov	r1, #196
 2397 06e0 0020A0E3 		mov	r2, #0
 2398 06e4 4630A0E3 		mov	r3, #70
 2399 06e8 FEFFFFEB 		bl	lcd_putchar_x2
 147:../lab10.c    ****             sw_delay_ms( 200 );
 2400              		.loc 1 147 0
 2401 06ec C800A0E3 		mov	r0, #200
 2402 06f0 FEFFFFEB 		bl	sw_delay_ms
 148:../lab10.c    ****             lcd_putchar_x2( 272, 196, BLACK, 'F' );
 2403              		.loc 1 148 0
 2404 06f4 110EA0E3 		mov	r0, #272
 2405 06f8 C410A0E3 		mov	r1, #196
 2406 06fc 0F20A0E3 		mov	r2, #15
 2407 0700 4630A0E3 		mov	r3, #70
 2408 0704 FEFFFFEB 		bl	lcd_putchar_x2
 2409              		.loc 1 150 0
 2410 0708 53FEFFEA 		b	.L18
 2411              	.L3:
 2412 070c 52FEFFEA 		b	.L18
 2413              	.L24:
 2414              		.align	2
 2415              	.L23:
 2416 0710 00000000 		.word	.LC0
 2417 0714 1C000000 		.word	.LC1
 2418 0718 3C000000 		.word	.LC2
 2419 071c 40000000 		.word	.LC3
 2420 0720 4C000000 		.word	.LC4
 2421 0724 3E010000 		.word	318
 2422              		.cfi_endproc
 2423              	.LFE0:
 2425              		.align	2
 2426              		.global	lcd_draw_grid
 2428              	lcd_draw_grid:
 2429              	.LFB1:
 151:../lab10.c    **** }
 152:../lab10.c    **** 
 153:../lab10.c    **** void lcd_draw_grid(void)
 154:../lab10.c    **** {
 2430              		.loc 1 154 0
 2431              		.cfi_startproc
 2432              		@ Function supports interworking.
 2433              		@ args = 0, pretend = 0, frame = 0
 2434              		@ frame_needed = 1, uses_anonymous_args = 0
 2435 0728 0DC0A0E1 		mov	ip, sp
 2436              	.LCFI2:
 2437              		.cfi_def_cfa_register 12
 2438 072c 00D82DE9 		stmfd	sp!, {fp, ip, lr, pc}
 2439 0730 04B04CE2 		sub	fp, ip, #4
 2440              		.cfi_offset 14, -8
 2441              		.cfi_offset 13, -12
 2442              		.cfi_offset 11, -16
 2443              	.LCFI3:
 2444              		.cfi_def_cfa 11, 4
 2445 0734 08D04DE2 		sub	sp, sp, #8
 155:../lab10.c    **** 
 156:../lab10.c    ****     lcd_draw_box(   0,   0,  79,  59, BLACK, 1 ); /* Pinta cuadricula */
 2446              		.loc 1 156 0
 2447 0738 0F30A0E3 		mov	r3, #15
 2448 073c 00308DE5 		str	r3, [sp, #0]
 2449 0740 0130A0E3 		mov	r3, #1
 2450 0744 04308DE5 		str	r3, [sp, #4]
 2451 0748 0000A0E3 		mov	r0, #0
 2452 074c 0010A0E3 		mov	r1, #0
 2453 0750 4F20A0E3 		mov	r2, #79
 2454 0754 3B30A0E3 		mov	r3, #59
 2455 0758 FEFFFFEB 		bl	lcd_draw_box
 157:../lab10.c    ****     lcd_draw_box(  79,   0, 159,  59, BLACK, 1 );
 2456              		.loc 1 157 0
 2457 075c 0F30A0E3 		mov	r3, #15
 2458 0760 00308DE5 		str	r3, [sp, #0]
 2459 0764 0130A0E3 		mov	r3, #1
 2460 0768 04308DE5 		str	r3, [sp, #4]
 2461 076c 4F00A0E3 		mov	r0, #79
 2462 0770 0010A0E3 		mov	r1, #0
 2463 0774 9F20A0E3 		mov	r2, #159
 2464 0778 3B30A0E3 		mov	r3, #59
 2465 077c FEFFFFEB 		bl	lcd_draw_box
 158:../lab10.c    ****     lcd_draw_box( 159,   0, 239,  59, BLACK, 1 );
 2466              		.loc 1 158 0
 2467 0780 0F30A0E3 		mov	r3, #15
 2468 0784 00308DE5 		str	r3, [sp, #0]
 2469 0788 0130A0E3 		mov	r3, #1
 2470 078c 04308DE5 		str	r3, [sp, #4]
 2471 0790 9F00A0E3 		mov	r0, #159
 2472 0794 0010A0E3 		mov	r1, #0
 2473 0798 EF20A0E3 		mov	r2, #239
 2474 079c 3B30A0E3 		mov	r3, #59
 2475 07a0 FEFFFFEB 		bl	lcd_draw_box
 159:../lab10.c    ****     lcd_draw_box( 239,   0, 319,  59, BLACK, 1 );
 2476              		.loc 1 159 0
 2477 07a4 0F30A0E3 		mov	r3, #15
 2478 07a8 00308DE5 		str	r3, [sp, #0]
 2479 07ac 0130A0E3 		mov	r3, #1
 2480 07b0 04308DE5 		str	r3, [sp, #4]
 2481 07b4 EF00A0E3 		mov	r0, #239
 2482 07b8 0010A0E3 		mov	r1, #0
 2483 07bc 00239FE5 		ldr	r2, .L26
 2484 07c0 3B30A0E3 		mov	r3, #59
 2485 07c4 FEFFFFEB 		bl	lcd_draw_box
 160:../lab10.c    ****     lcd_draw_box(   0,  59,  79, 119, BLACK, 1 );
 2486              		.loc 1 160 0
 2487 07c8 0F30A0E3 		mov	r3, #15
 2488 07cc 00308DE5 		str	r3, [sp, #0]
 2489 07d0 0130A0E3 		mov	r3, #1
 2490 07d4 04308DE5 		str	r3, [sp, #4]
 2491 07d8 0000A0E3 		mov	r0, #0
 2492 07dc 3B10A0E3 		mov	r1, #59
 2493 07e0 4F20A0E3 		mov	r2, #79
 2494 07e4 7730A0E3 		mov	r3, #119
 2495 07e8 FEFFFFEB 		bl	lcd_draw_box
 161:../lab10.c    ****     lcd_draw_box(  79,  59, 159, 119, BLACK, 1 );
 2496              		.loc 1 161 0
 2497 07ec 0F30A0E3 		mov	r3, #15
 2498 07f0 00308DE5 		str	r3, [sp, #0]
 2499 07f4 0130A0E3 		mov	r3, #1
 2500 07f8 04308DE5 		str	r3, [sp, #4]
 2501 07fc 4F00A0E3 		mov	r0, #79
 2502 0800 3B10A0E3 		mov	r1, #59
 2503 0804 9F20A0E3 		mov	r2, #159
 2504 0808 7730A0E3 		mov	r3, #119
 2505 080c FEFFFFEB 		bl	lcd_draw_box
 162:../lab10.c    ****     lcd_draw_box( 159,  59, 239, 119, BLACK, 1 );
 2506              		.loc 1 162 0
 2507 0810 0F30A0E3 		mov	r3, #15
 2508 0814 00308DE5 		str	r3, [sp, #0]
 2509 0818 0130A0E3 		mov	r3, #1
 2510 081c 04308DE5 		str	r3, [sp, #4]
 2511 0820 9F00A0E3 		mov	r0, #159
 2512 0824 3B10A0E3 		mov	r1, #59
 2513 0828 EF20A0E3 		mov	r2, #239
 2514 082c 7730A0E3 		mov	r3, #119
 2515 0830 FEFFFFEB 		bl	lcd_draw_box
 163:../lab10.c    ****     lcd_draw_box( 239,  59, 319, 119, BLACK, 1 );
 2516              		.loc 1 163 0
 2517 0834 0F30A0E3 		mov	r3, #15
 2518 0838 00308DE5 		str	r3, [sp, #0]
 2519 083c 0130A0E3 		mov	r3, #1
 2520 0840 04308DE5 		str	r3, [sp, #4]
 2521 0844 EF00A0E3 		mov	r0, #239
 2522 0848 3B10A0E3 		mov	r1, #59
 2523 084c 70229FE5 		ldr	r2, .L26
 2524 0850 7730A0E3 		mov	r3, #119
 2525 0854 FEFFFFEB 		bl	lcd_draw_box
 164:../lab10.c    ****     lcd_draw_box(   0, 119,  79, 179, BLACK, 1 );
 2526              		.loc 1 164 0
 2527 0858 0F30A0E3 		mov	r3, #15
 2528 085c 00308DE5 		str	r3, [sp, #0]
 2529 0860 0130A0E3 		mov	r3, #1
 2530 0864 04308DE5 		str	r3, [sp, #4]
 2531 0868 0000A0E3 		mov	r0, #0
 2532 086c 7710A0E3 		mov	r1, #119
 2533 0870 4F20A0E3 		mov	r2, #79
 2534 0874 B330A0E3 		mov	r3, #179
 2535 0878 FEFFFFEB 		bl	lcd_draw_box
 165:../lab10.c    ****     lcd_draw_box(  79, 119, 159, 179, BLACK, 1 );
 2536              		.loc 1 165 0
 2537 087c 0F30A0E3 		mov	r3, #15
 2538 0880 00308DE5 		str	r3, [sp, #0]
 2539 0884 0130A0E3 		mov	r3, #1
 2540 0888 04308DE5 		str	r3, [sp, #4]
 2541 088c 4F00A0E3 		mov	r0, #79
 2542 0890 7710A0E3 		mov	r1, #119
 2543 0894 9F20A0E3 		mov	r2, #159
 2544 0898 B330A0E3 		mov	r3, #179
 2545 089c FEFFFFEB 		bl	lcd_draw_box
 166:../lab10.c    ****     lcd_draw_box( 159, 119, 239, 179, BLACK, 1 );
 2546              		.loc 1 166 0
 2547 08a0 0F30A0E3 		mov	r3, #15
 2548 08a4 00308DE5 		str	r3, [sp, #0]
 2549 08a8 0130A0E3 		mov	r3, #1
 2550 08ac 04308DE5 		str	r3, [sp, #4]
 2551 08b0 9F00A0E3 		mov	r0, #159
 2552 08b4 7710A0E3 		mov	r1, #119
 2553 08b8 EF20A0E3 		mov	r2, #239
 2554 08bc B330A0E3 		mov	r3, #179
 2555 08c0 FEFFFFEB 		bl	lcd_draw_box
 167:../lab10.c    ****     lcd_draw_box( 239, 119, 319, 179, BLACK, 1 );
 2556              		.loc 1 167 0
 2557 08c4 0F30A0E3 		mov	r3, #15
 2558 08c8 00308DE5 		str	r3, [sp, #0]
 2559 08cc 0130A0E3 		mov	r3, #1
 2560 08d0 04308DE5 		str	r3, [sp, #4]
 2561 08d4 EF00A0E3 		mov	r0, #239
 2562 08d8 7710A0E3 		mov	r1, #119
 2563 08dc E0219FE5 		ldr	r2, .L26
 2564 08e0 B330A0E3 		mov	r3, #179
 2565 08e4 FEFFFFEB 		bl	lcd_draw_box
 168:../lab10.c    ****     lcd_draw_box(   0, 179,  79, 239, BLACK, 1 );
 2566              		.loc 1 168 0
 2567 08e8 0F30A0E3 		mov	r3, #15
 2568 08ec 00308DE5 		str	r3, [sp, #0]
 2569 08f0 0130A0E3 		mov	r3, #1
 2570 08f4 04308DE5 		str	r3, [sp, #4]
 2571 08f8 0000A0E3 		mov	r0, #0
 2572 08fc B310A0E3 		mov	r1, #179
 2573 0900 4F20A0E3 		mov	r2, #79
 2574 0904 EF30A0E3 		mov	r3, #239
 2575 0908 FEFFFFEB 		bl	lcd_draw_box
 169:../lab10.c    ****     lcd_draw_box(  79, 179, 159, 239, BLACK, 1 );
 2576              		.loc 1 169 0
 2577 090c 0F30A0E3 		mov	r3, #15
 2578 0910 00308DE5 		str	r3, [sp, #0]
 2579 0914 0130A0E3 		mov	r3, #1
 2580 0918 04308DE5 		str	r3, [sp, #4]
 2581 091c 4F00A0E3 		mov	r0, #79
 2582 0920 B310A0E3 		mov	r1, #179
 2583 0924 9F20A0E3 		mov	r2, #159
 2584 0928 EF30A0E3 		mov	r3, #239
 2585 092c FEFFFFEB 		bl	lcd_draw_box
 170:../lab10.c    ****     lcd_draw_box( 159, 179, 239, 239, BLACK, 1 );
 2586              		.loc 1 170 0
 2587 0930 0F30A0E3 		mov	r3, #15
 2588 0934 00308DE5 		str	r3, [sp, #0]
 2589 0938 0130A0E3 		mov	r3, #1
 2590 093c 04308DE5 		str	r3, [sp, #4]
 2591 0940 9F00A0E3 		mov	r0, #159
 2592 0944 B310A0E3 		mov	r1, #179
 2593 0948 EF20A0E3 		mov	r2, #239
 2594 094c EF30A0E3 		mov	r3, #239
 2595 0950 FEFFFFEB 		bl	lcd_draw_box
 171:../lab10.c    ****     lcd_draw_box( 239, 179, 319, 239, BLACK, 1 );
 2596              		.loc 1 171 0
 2597 0954 0F30A0E3 		mov	r3, #15
 2598 0958 00308DE5 		str	r3, [sp, #0]
 2599 095c 0130A0E3 		mov	r3, #1
 2600 0960 04308DE5 		str	r3, [sp, #4]
 2601 0964 EF00A0E3 		mov	r0, #239
 2602 0968 B310A0E3 		mov	r1, #179
 2603 096c 50219FE5 		ldr	r2, .L26
 2604 0970 EF30A0E3 		mov	r3, #239
 2605 0974 FEFFFFEB 		bl	lcd_draw_box
 172:../lab10.c    **** 
 173:../lab10.c    ****     lcd_putchar_x2(  32,  16, BLACK, '0' );    /* Rotula cuadricula */
 2606              		.loc 1 173 0
 2607 0978 2000A0E3 		mov	r0, #32
 2608 097c 1010A0E3 		mov	r1, #16
 2609 0980 0F20A0E3 		mov	r2, #15
 2610 0984 3030A0E3 		mov	r3, #48
 2611 0988 FEFFFFEB 		bl	lcd_putchar_x2
 174:../lab10.c    ****     lcd_putchar_x2( 112,  16, BLACK, '1' );
 2612              		.loc 1 174 0
 2613 098c 7000A0E3 		mov	r0, #112
 2614 0990 1010A0E3 		mov	r1, #16
 2615 0994 0F20A0E3 		mov	r2, #15
 2616 0998 3130A0E3 		mov	r3, #49
 2617 099c FEFFFFEB 		bl	lcd_putchar_x2
 175:../lab10.c    ****     lcd_putchar_x2( 192,  16, BLACK, '2' );
 2618              		.loc 1 175 0
 2619 09a0 C000A0E3 		mov	r0, #192
 2620 09a4 1010A0E3 		mov	r1, #16
 2621 09a8 0F20A0E3 		mov	r2, #15
 2622 09ac 3230A0E3 		mov	r3, #50
 2623 09b0 FEFFFFEB 		bl	lcd_putchar_x2
 176:../lab10.c    ****     lcd_putchar_x2( 272,  16, BLACK, '3' );
 2624              		.loc 1 176 0
 2625 09b4 110EA0E3 		mov	r0, #272
 2626 09b8 1010A0E3 		mov	r1, #16
 2627 09bc 0F20A0E3 		mov	r2, #15
 2628 09c0 3330A0E3 		mov	r3, #51
 2629 09c4 FEFFFFEB 		bl	lcd_putchar_x2
 177:../lab10.c    ****     lcd_putchar_x2(  32,  76, BLACK, '4' );
 2630              		.loc 1 177 0
 2631 09c8 2000A0E3 		mov	r0, #32
 2632 09cc 4C10A0E3 		mov	r1, #76
 2633 09d0 0F20A0E3 		mov	r2, #15
 2634 09d4 3430A0E3 		mov	r3, #52
 2635 09d8 FEFFFFEB 		bl	lcd_putchar_x2
 178:../lab10.c    ****     lcd_putchar_x2( 112,  76, BLACK, '5' );
 2636              		.loc 1 178 0
 2637 09dc 7000A0E3 		mov	r0, #112
 2638 09e0 4C10A0E3 		mov	r1, #76
 2639 09e4 0F20A0E3 		mov	r2, #15
 2640 09e8 3530A0E3 		mov	r3, #53
 2641 09ec FEFFFFEB 		bl	lcd_putchar_x2
 179:../lab10.c    ****     lcd_putchar_x2( 192,  76, BLACK, '6' );
 2642              		.loc 1 179 0
 2643 09f0 C000A0E3 		mov	r0, #192
 2644 09f4 4C10A0E3 		mov	r1, #76
 2645 09f8 0F20A0E3 		mov	r2, #15
 2646 09fc 3630A0E3 		mov	r3, #54
 2647 0a00 FEFFFFEB 		bl	lcd_putchar_x2
 180:../lab10.c    ****     lcd_putchar_x2( 272,  76, BLACK, '7' );
 2648              		.loc 1 180 0
 2649 0a04 110EA0E3 		mov	r0, #272
 2650 0a08 4C10A0E3 		mov	r1, #76
 2651 0a0c 0F20A0E3 		mov	r2, #15
 2652 0a10 3730A0E3 		mov	r3, #55
 2653 0a14 FEFFFFEB 		bl	lcd_putchar_x2
 181:../lab10.c    ****     lcd_putchar_x2(  32, 136, BLACK, '8' );
 2654              		.loc 1 181 0
 2655 0a18 2000A0E3 		mov	r0, #32
 2656 0a1c 8810A0E3 		mov	r1, #136
 2657 0a20 0F20A0E3 		mov	r2, #15
 2658 0a24 3830A0E3 		mov	r3, #56
 2659 0a28 FEFFFFEB 		bl	lcd_putchar_x2
 182:../lab10.c    ****     lcd_putchar_x2( 112, 136, BLACK, '9' );
 2660              		.loc 1 182 0
 2661 0a2c 7000A0E3 		mov	r0, #112
 2662 0a30 8810A0E3 		mov	r1, #136
 2663 0a34 0F20A0E3 		mov	r2, #15
 2664 0a38 3930A0E3 		mov	r3, #57
 2665 0a3c FEFFFFEB 		bl	lcd_putchar_x2
 183:../lab10.c    ****     lcd_putchar_x2( 192, 136, BLACK, 'A' );
 2666              		.loc 1 183 0
 2667 0a40 C000A0E3 		mov	r0, #192
 2668 0a44 8810A0E3 		mov	r1, #136
 2669 0a48 0F20A0E3 		mov	r2, #15
 2670 0a4c 4130A0E3 		mov	r3, #65
 2671 0a50 FEFFFFEB 		bl	lcd_putchar_x2
 184:../lab10.c    ****     lcd_putchar_x2( 272, 136, BLACK, 'B' );
 2672              		.loc 1 184 0
 2673 0a54 110EA0E3 		mov	r0, #272
 2674 0a58 8810A0E3 		mov	r1, #136
 2675 0a5c 0F20A0E3 		mov	r2, #15
 2676 0a60 4230A0E3 		mov	r3, #66
 2677 0a64 FEFFFFEB 		bl	lcd_putchar_x2
 185:../lab10.c    ****     lcd_putchar_x2(  32, 196, BLACK, 'C' );
 2678              		.loc 1 185 0
 2679 0a68 2000A0E3 		mov	r0, #32
 2680 0a6c C410A0E3 		mov	r1, #196
 2681 0a70 0F20A0E3 		mov	r2, #15
 2682 0a74 4330A0E3 		mov	r3, #67
 2683 0a78 FEFFFFEB 		bl	lcd_putchar_x2
 186:../lab10.c    ****     lcd_putchar_x2( 112, 196, BLACK, 'D' );
 2684              		.loc 1 186 0
 2685 0a7c 7000A0E3 		mov	r0, #112
 2686 0a80 C410A0E3 		mov	r1, #196
 2687 0a84 0F20A0E3 		mov	r2, #15
 2688 0a88 4430A0E3 		mov	r3, #68
 2689 0a8c FEFFFFEB 		bl	lcd_putchar_x2
 187:../lab10.c    ****     lcd_putchar_x2( 192, 196, BLACK, 'E' );
 2690              		.loc 1 187 0
 2691 0a90 C000A0E3 		mov	r0, #192
 2692 0a94 C410A0E3 		mov	r1, #196
 2693 0a98 0F20A0E3 		mov	r2, #15
 2694 0a9c 4530A0E3 		mov	r3, #69
 2695 0aa0 FEFFFFEB 		bl	lcd_putchar_x2
 188:../lab10.c    ****     lcd_putchar_x2( 272, 196, BLACK, 'F' );
 2696              		.loc 1 188 0
 2697 0aa4 110EA0E3 		mov	r0, #272
 2698 0aa8 C410A0E3 		mov	r1, #196
 2699 0aac 0F20A0E3 		mov	r2, #15
 2700 0ab0 4630A0E3 		mov	r3, #70
 2701 0ab4 FEFFFFEB 		bl	lcd_putchar_x2
 189:../lab10.c    **** 
 190:../lab10.c    **** }
 2702              		.loc 1 190 0
 2703 0ab8 0CD04BE2 		sub	sp, fp, #12
 2704 0abc 00689DE8 		ldmfd	sp, {fp, sp, lr}
 2705 0ac0 1EFF2FE1 		bx	lr
 2706              	.L27:
 2707              		.align	2
 2708              	.L26:
 2709 0ac4 3F010000 		.word	319
 2710              		.cfi_endproc
 2711              	.LFE1:
 2713              	.Letext0:
DEFINED SYMBOLS
                            *ABS*:00000000 lab10.c
C:\Users\USUARI~2\AppData\Local\Temp\ccfVVVno.s:1807   .rodata:00000000 $d
C:\Users\USUARI~2\AppData\Local\Temp\ccfVVVno.s:1823   .text:00000000 $a
C:\Users\USUARI~2\AppData\Local\Temp\ccfVVVno.s:1826   .text:00000000 main
C:\Users\USUARI~2\AppData\Local\Temp\ccfVVVno.s:2428   .text:00000728 lcd_draw_grid
C:\Users\USUARI~2\AppData\Local\Temp\ccfVVVno.s:2416   .text:00000710 $d
C:\Users\USUARI~2\AppData\Local\Temp\ccfVVVno.s:2425   .text:00000728 $a
C:\Users\USUARI~2\AppData\Local\Temp\ccfVVVno.s:2709   .text:00000ac4 $d
                     .debug_frame:00000010 $d

UNDEFINED SYMBOLS
sys_init
uart0_init
timers_init
lcd_init
ts_init
lcd_clear
lcd_on
ts_on
uart0_puts
ts_getpostime
uart0_putint
lcd_putchar_x2
sw_delay_ms
lcd_draw_box
