09:57:31 **** Build of configuration Debug for project BSP ****
cs-make all 
Building file: ../src/adc.c
Invoking: ARM Sourcery Windows GCC C Compiler
arm-none-eabi-gcc -I..\..\BSP\include -O0 -Wall -Wa,-adhlns="src/adc.o.lst" -c -fmessage-length=0 -mapcs-frame -fno-builtin -MMD -MP -MF"src/adc.d" -MT"src/adc.d" -mcpu=arm7tdmi -g3 -gdwarf-2 -o "src/adc.o" "../src/adc.c"
Finished building: ../src/adc.c
 
Building file: ../src/at24C04.c
Invoking: ARM Sourcery Windows GCC C Compiler
arm-none-eabi-gcc -I..\..\BSP\include -O0 -Wall -Wa,-adhlns="src/at24C04.o.lst" -c -fmessage-length=0 -mapcs-frame -fno-builtin -MMD -MP -MF"src/at24C04.d" -MT"src/at24C04.d" -mcpu=arm7tdmi -g3 -gdwarf-2 -o "src/at24C04.o" "../src/at24C04.c"
Finished building: ../src/at24C04.c
 
Building file: ../src/dma.c
Invoking: ARM Sourcery Windows GCC C Compiler
arm-none-eabi-gcc -I..\..\BSP\include -O0 -Wall -Wa,-adhlns="src/dma.o.lst" -c -fmessage-length=0 -mapcs-frame -fno-builtin -MMD -MP -MF"src/dma.d" -MT"src/dma.d" -mcpu=arm7tdmi -g3 -gdwarf-2 -o "src/dma.o" "../src/dma.c"
Finished building: ../src/dma.c
 
Building file: ../src/font8x16.c
Invoking: ARM Sourcery Windows GCC C Compiler
arm-none-eabi-gcc -I..\..\BSP\include -O0 -Wall -Wa,-adhlns="src/font8x16.o.lst" -c -fmessage-length=0 -mapcs-frame -fno-builtin -MMD -MP -MF"src/font8x16.d" -MT"src/font8x16.d" -mcpu=arm7tdmi -g3 -gdwarf-2 -o "src/font8x16.o" "../src/font8x16.c"
../src/font8x16.c:30:26: fatal error: common_types.h: No such file or directory
compilation terminated.
cs-make: *** [src/font8x16.o] Error 1

09:57:32 Build Finished (took 1s.381ms)

